2019-11-25T16:37:38.2059053
1,0,124,org.eclipse.cdt.ui.WARNING_PARTITION_TYPE,/GCRU/Release​2140​-1​-1​enum constant in boolean context [-Wint-in-bool-context]​1​-
1,124,169,org.eclipse.cdt.ui.CONSOLE_PARTITION_TYPE,-
1,293,262,org.eclipse.cdt.ui.INFO_PARTITION_TYPE,/GCRU/Release​1658​-1​-1​required from 'ap_private<_AP_W, _AP_S, true>::ap_private(const ap_private<_AP_W1, _AP_S1, _AP_OPT>&) [with int _AP_W1 = 16; bool _AP_S1 = true; bool _AP_OPT = true; int _AP_W = 47; bool _AP_S = true]'​0​-
1,555,242,org.eclipse.cdt.ui.INFO_PARTITION_TYPE,/GCRU/Release​2646​-1​-1​required from 'bool ap_private<_AP_W, _AP_S, true>::operator<(const ap_private<_AP_W1, _AP_S1>&) const [with int _AP_W2 = 46; bool _AP_S2 = true; int _AP_W = 16; bool _AP_S = true]'​0​-
1,797,493,org.eclipse.cdt.ui.INFO_PARTITION_TYPE,/GCRU/Release​1494​-1​-1​required from 'bool ap_fixed_base<_AP_W, _AP_I, _AP_S, _AP_Q, _AP_O, _AP_N>::operator<(const ap_fixed_base<_AP_W2, _AP_I2, _AP_S2, _AP_Q2, _AP_O2, _AP_N2>&) const [with int _AP_W2 = 32; int _AP_I2 = 32; bool _AP_S2 = true; ap_q_mode _AP_Q2 = (ap_q_mode)5; ap_o_mode _AP_O2 = (ap_o_mode)3; int _AP_N2 = 0; int _AP_W = 16; int _AP_I = 2; bool _AP_S = true; ap_q_mode _AP_Q = (ap_q_mode)5; ap_o_mode _AP_O = (ap_o_mode)3; int _AP_N = 0]'​0​-
1,1290,293,org.eclipse.cdt.ui.INFO_PARTITION_TYPE,/GCRU/Release​2218​-1​-1​required from 'bool operator<(const ap_fixed_base<_AP_W, _AP_I, _AP_S, _AP_Q, _AP_O, _AP_N>&, int) [with int _AP_W = 16; int _AP_I = 2; bool _AP_S = true; ap_q_mode _AP_Q = (ap_q_mode)5; ap_o_mode _AP_O = (ap_o_mode)3; int _AP_N = 0]'​0​-
1,1583,71,org.eclipse.cdt.ui.INFO_PARTITION_TYPE,/GCRU/Release​76​-1​-1​required from here​0​-
1,1654,124,org.eclipse.cdt.ui.WARNING_PARTITION_TYPE,/GCRU/Release​2140​-1​-1​enum constant in boolean context [-Wint-in-bool-context]​1​-
1,1778,169,org.eclipse.cdt.ui.CONSOLE_PARTITION_TYPE,-
1,1947,164,org.eclipse.cdt.ui.INFO_PARTITION_TYPE,/GCRU/Release​1643​-1​-1​required from 'ap_private<_AP_W, _AP_S, true>::ap_private(int) [with int _AP_W = 1; bool _AP_S = false]'​0​-
1,2111,325,org.eclipse.cdt.ui.INFO_PARTITION_TYPE,/GCRU/Release​1764​-1​-1​required from 'typename ap_private<_AP_W, _AP_S, true>::RType<1, false>::minus ap_private<_AP_W, _AP_S, true>::operator-() const [with int _AP_W = 16; bool _AP_S = true; typename ap_private<_AP_W, _AP_S, true>::RType<1, false>::minus = ap_private<17, true, true>]'​0​-
1,2436,289,org.eclipse.cdt.ui.INFO_PARTITION_TYPE,/GCRU/Release​938​-1​-1​required from 'float ap_fixed_base<_AP_W, _AP_I, _AP_S, _AP_Q, _AP_O, _AP_N>::to_float() const [with int _AP_W = 16; int _AP_I = 2; bool _AP_S = true; ap_q_mode _AP_Q = (ap_q_mode)5; ap_o_mode _AP_O = (ap_o_mode)3; int _AP_N = 0]'​0​-
1,2725,290,org.eclipse.cdt.ui.INFO_PARTITION_TYPE,/GCRU/Release​1025​-1​-1​required from 'ap_fixed_base<_AP_W, _AP_I, _AP_S, _AP_Q, _AP_O, _AP_N>::operator float() const [with int _AP_W = 16; int _AP_I = 2; bool _AP_S = true; ap_q_mode _AP_Q = (ap_q_mode)5; ap_o_mode _AP_O = (ap_o_mode)3; int _AP_N = 0]'​0​-
1,3015,71,org.eclipse.cdt.ui.INFO_PARTITION_TYPE,/GCRU/Release​356​-1​-1​required from here​0​-
1,3086,124,org.eclipse.cdt.ui.WARNING_PARTITION_TYPE,/GCRU/Release​2140​-1​-1​enum constant in boolean context [-Wint-in-bool-context]​1​-
1,3210,170,org.eclipse.cdt.ui.CONSOLE_PARTITION_TYPE,-
1,3380,410,org.eclipse.cdt.ui.INFO_PARTITION_TYPE,/GCRU/Release​3896​-1​-1​required from 'typename ap_private<_AP_W, _AP_S, false>::RType<_AP_W2, _AP_S2>::minus ap_private<_AP_W, _AP_S, false>::operator-(const ap_private<_AP_W1, _AP_S1>&) const [with int _AP_W1 = 65; bool _AP_S1 = true; int _AP_W = 65; bool _AP_S = true; typename ap_private<_AP_W, _AP_S, false>::RType<_AP_W2, _AP_S2>::minus = ap_private<66, true, false>]'​0​-
1,3790,377,org.eclipse.cdt.ui.INFO_PARTITION_TYPE,/GCRU/Release​1356​-1​-1​required from 'typename ap_int_base<_AP_W, _AP_S>::RType<_AP_W2, _AP_S2>::minus operator-(const ap_int_base<_AP_W2, _AP_S2>&, const ap_int_base<_AP_W3, _AP_S3>&) [with int _AP_W = 11; bool _AP_S = false; int _AP_W2 = 64; bool _AP_S2 = true; typename ap_int_base<_AP_W, _AP_S>::RType<_AP_W2, _AP_S2>::minus = ap_int<65>]'​0​-
1,4167,324,org.eclipse.cdt.ui.INFO_PARTITION_TYPE,/GCRU/Release​1471​-1​-1​required from 'typename ap_int_base<_AP_W, _AP_S>::RType<_AP_SIZE_long, true>::minus operator-(const ap_int_base<_AP_W2, _AP_S2>&, long int) [with int _AP_W = 11; bool _AP_S = false; typename ap_int_base<_AP_W, _AP_S>::RType<_AP_SIZE_long, true>::minus = ap_int<65>]'​0​-
1,4491,288,org.eclipse.cdt.ui.INFO_PARTITION_TYPE,/GCRU/Release​562​-1​-1​required from 'ap_fixed_base<_AP_W, _AP_I, _AP_S, _AP_Q, _AP_O, _AP_N>::ap_fixed_base(double) [with int _AP_W = 16; int _AP_I = 2; bool _AP_S = true; ap_q_mode _AP_Q = (ap_q_mode)5; ap_o_mode _AP_O = (ap_o_mode)3; int _AP_N = 0]'​0​-
1,4779,246,org.eclipse.cdt.ui.INFO_PARTITION_TYPE,/GCRU/Release​180​-1​-1​required from 'ap_fixed<_AP_W, _AP_I, _AP_Q, _AP_O, _AP_N>::ap_fixed(double) [with int _AP_W = 16; int _AP_I = 2; ap_q_mode _AP_Q = (ap_q_mode)5; ap_o_mode _AP_O = (ap_o_mode)3; int _AP_N = 0]'​0​-
1,5025,71,org.eclipse.cdt.ui.INFO_PARTITION_TYPE,/GCRU/Release​58​-1​-1​required from here​0​-
1,5096,124,org.eclipse.cdt.ui.WARNING_PARTITION_TYPE,/GCRU/Release​3423​-1​-1​enum constant in boolean context [-Wint-in-bool-context]​1​-
1,5220,468,org.eclipse.cdt.ui.CONSOLE_PARTITION_TYPE,-
1,5688,257,org.eclipse.cdt.ui.INFO_PARTITION_TYPE,/GCRU/Release​1426​-1​-1​required from 'ap_private<_AP_W, _AP_S>& ap_private<_AP_W, _AP_S, true>::operator=(const ap_private<_AP_W1, _AP_S1>&) [with int _AP_W1 = 56; bool _AP_S1 = true; int _AP_W = 55; bool _AP_S = true]'​0​-
1,5945,376,org.eclipse.cdt.ui.INFO_PARTITION_TYPE,/GCRU/Release​1356​-1​-1​required from 'typename ap_int_base<_AP_W, _AP_S>::RType<_AP_W2, _AP_S2>::minus operator-(const ap_int_base<_AP_W2, _AP_S2>&, const ap_int_base<_AP_W3, _AP_S3>&) [with int _AP_W = 1; bool _AP_S = false; int _AP_W2 = 54; bool _AP_S2 = true; typename ap_int_base<_AP_W, _AP_S>::RType<_AP_W2, _AP_S2>::minus = ap_int<55>]'​0​-
1,6321,290,org.eclipse.cdt.ui.INFO_PARTITION_TYPE,/GCRU/Release​757​-1​-1​required from 'typename ap_int_base<_AP_W, _AP_S>::RType<1, false>::minus ap_int_base<_AP_W, _AP_S>::operator-() const [with int _AP_W = 54; bool _AP_S = true; typename ap_int_base<_AP_W, _AP_S>::RType<1, false>::minus = ap_int<55>]'​0​-
1,6611,288,org.eclipse.cdt.ui.INFO_PARTITION_TYPE,/GCRU/Release​569​-1​-1​required from 'ap_fixed_base<_AP_W, _AP_I, _AP_S, _AP_Q, _AP_O, _AP_N>::ap_fixed_base(double) [with int _AP_W = 16; int _AP_I = 2; bool _AP_S = true; ap_q_mode _AP_Q = (ap_q_mode)5; ap_o_mode _AP_O = (ap_o_mode)3; int _AP_N = 0]'​0​-
1,6899,246,org.eclipse.cdt.ui.INFO_PARTITION_TYPE,/GCRU/Release​180​-1​-1​required from 'ap_fixed<_AP_W, _AP_I, _AP_Q, _AP_O, _AP_N>::ap_fixed(double) [with int _AP_W = 16; int _AP_I = 2; ap_q_mode _AP_Q = (ap_q_mode)5; ap_o_mode _AP_O = (ap_o_mode)3; int _AP_N = 0]'​0​-
1,7145,71,org.eclipse.cdt.ui.INFO_PARTITION_TYPE,/GCRU/Release​58​-1​-1​required from here​0​-
1,7216,124,org.eclipse.cdt.ui.WARNING_PARTITION_TYPE,/GCRU/Release​2140​-1​-1​enum constant in boolean context [-Wint-in-bool-context]​1​-
1,7340,427,org.eclipse.cdt.ui.CONSOLE_PARTITION_TYPE,-
1,7767,240,org.eclipse.cdt.ui.INFO_PARTITION_TYPE,/GCRU/Release​3308​-1​-1​required from 'ap_private<_AP_W, _AP_S, false>::ap_private(const ap_private<_AP_W1, _AP_S1, true>&) [with int _AP_W1 = 32; bool _AP_S1 = true; int _AP_W = 65; bool _AP_S = false]'​0​-
1,8007,244,org.eclipse.cdt.ui.INFO_PARTITION_TYPE,/GCRU/Release​4065​-1​-1​required from 'bool ap_private<_AP_W, _AP_S, false>::operator==(const ap_private<_AP_W1, _AP_S1>&) const [with int _AP_W2 = 32; bool _AP_S2 = true; int _AP_W = 65; bool _AP_S = true]'​0​-
1,8251,170,org.eclipse.cdt.ui.INFO_PARTITION_TYPE,/GCRU/Release​6909​-1​-1​required from 'bool operator==(const ap_private<_AP_W, _AP_S>&, int) [with int _AP_W = 65; bool _AP_S = true]'​0​-
1,8421,288,org.eclipse.cdt.ui.INFO_PARTITION_TYPE,/GCRU/Release​570​-1​-1​required from 'ap_fixed_base<_AP_W, _AP_I, _AP_S, _AP_Q, _AP_O, _AP_N>::ap_fixed_base(double) [with int _AP_W = 16; int _AP_I = 2; bool _AP_S = true; ap_q_mode _AP_Q = (ap_q_mode)5; ap_o_mode _AP_O = (ap_o_mode)3; int _AP_N = 0]'​0​-
1,8709,246,org.eclipse.cdt.ui.INFO_PARTITION_TYPE,/GCRU/Release​180​-1​-1​required from 'ap_fixed<_AP_W, _AP_I, _AP_Q, _AP_O, _AP_N>::ap_fixed(double) [with int _AP_W = 16; int _AP_I = 2; ap_q_mode _AP_Q = (ap_q_mode)5; ap_o_mode _AP_O = (ap_o_mode)3; int _AP_N = 0]'​0​-
1,8955,71,org.eclipse.cdt.ui.INFO_PARTITION_TYPE,/GCRU/Release​58​-1​-1​required from here​0​-
1,9026,124,org.eclipse.cdt.ui.WARNING_PARTITION_TYPE,/GCRU/Release​3423​-1​-1​enum constant in boolean context [-Wint-in-bool-context]​1​-
1,9150,469,org.eclipse.cdt.ui.CONSOLE_PARTITION_TYPE,-
1,9619,264,org.eclipse.cdt.ui.INFO_PARTITION_TYPE,/GCRU/Release​1658​-1​-1​required from 'ap_private<_AP_W, _AP_S, true>::ap_private(const ap_private<_AP_W1, _AP_S1, _AP_OPT>&) [with int _AP_W1 = 16; bool _AP_S1 = false; bool _AP_OPT = true; int _AP_W = 32; bool _AP_S = false]'​0​-
1,9883,244,org.eclipse.cdt.ui.INFO_PARTITION_TYPE,/GCRU/Release​2595​-1​-1​required from 'bool ap_private<_AP_W, _AP_S, true>::operator==(const ap_private<_AP_W1, _AP_S1>&) const [with int _AP_W1 = 32; bool _AP_S1 = true; int _AP_W = 16; bool _AP_S = false]'​0​-
1,10127,178,org.eclipse.cdt.ui.INFO_PARTITION_TYPE,/GCRU/Release​7115​-1​-1​required from 'bool operator==(const _private_range_ref<_AP_W, _AP_S>&, int) [with int _AP_W = 16; bool _AP_S = true]'​0​-
1,10305,288,org.eclipse.cdt.ui.INFO_PARTITION_TYPE,/GCRU/Release​662​-1​-1​required from 'ap_fixed_base<_AP_W, _AP_I, _AP_S, _AP_Q, _AP_O, _AP_N>::ap_fixed_base(double) [with int _AP_W = 16; int _AP_I = 2; bool _AP_S = true; ap_q_mode _AP_Q = (ap_q_mode)5; ap_o_mode _AP_O = (ap_o_mode)3; int _AP_N = 0]'​0​-
1,10593,246,org.eclipse.cdt.ui.INFO_PARTITION_TYPE,/GCRU/Release​180​-1​-1​required from 'ap_fixed<_AP_W, _AP_I, _AP_Q, _AP_O, _AP_N>::ap_fixed(double) [with int _AP_W = 16; int _AP_I = 2; ap_q_mode _AP_Q = (ap_q_mode)5; ap_o_mode _AP_O = (ap_o_mode)3; int _AP_N = 0]'​0​-
1,10839,71,org.eclipse.cdt.ui.INFO_PARTITION_TYPE,/GCRU/Release​58​-1​-1​required from here​0​-
1,10910,124,org.eclipse.cdt.ui.WARNING_PARTITION_TYPE,/GCRU/Release​2140​-1​-1​enum constant in boolean context [-Wint-in-bool-context]​1​-
1,11034,426,org.eclipse.cdt.ui.CONSOLE_PARTITION_TYPE,-
1,11460,196,org.eclipse.cdt.ui.INFO_PARTITION_TYPE,/GCRU/Release​1481​-1​-1​required from 'ap_private<_AP_W, _AP_S, true>& ap_private<_AP_W, _AP_S, true>::operator=(int) [with int _AP_W = 17; bool _AP_S = false]'​0​-
1,11656,311,org.eclipse.cdt.ui.INFO_PARTITION_TYPE,/GCRU/Release​349​-1​-1​required from 'void ap_fixed_base<_AP_W, _AP_I, _AP_S, _AP_Q, _AP_O, _AP_N>::overflow_adjust(bool, bool, bool, bool) [with int _AP_W = 17; int _AP_I = 3; bool _AP_S = true; ap_q_mode _AP_Q = (ap_q_mode)5; ap_o_mode _AP_O = (ap_o_mode)3; int _AP_N = 0]'​0​-
1,11967,538,org.eclipse.cdt.ui.INFO_PARTITION_TYPE,/GCRU/Release​792​-1​-1​required from 'ap_fixed_base<_AP_W, _AP_I, _AP_S, _AP_Q, _AP_O, _AP_N>& ap_fixed_base<_AP_W, _AP_I, _AP_S, _AP_Q, _AP_O, _AP_N>::operator=(const ap_fixed_base<_AP_W2, _AP_I2, _AP_S2, _AP_Q2, _AP_O2, _AP_N2>&) [with int _AP_W2 = 16; int _AP_I2 = 2; bool _AP_S2 = true; ap_q_mode _AP_Q2 = (ap_q_mode)5; ap_o_mode _AP_O2 = (ap_o_mode)3; int _AP_N2 = 0; int _AP_W = 17; int _AP_I = 3; bool _AP_S = true; ap_q_mode _AP_Q = (ap_q_mode)5; ap_o_mode _AP_O = (ap_o_mode)3; int _AP_N = 0]'​0​-
1,12505,485,org.eclipse.cdt.ui.INFO_PARTITION_TYPE,/GCRU/Release​430​-1​-1​required from 'ap_fixed_base<_AP_W, _AP_I, _AP_S, _AP_Q, _AP_O, _AP_N>::ap_fixed_base(const ap_fixed_base<_AP_W2, _AP_I2, _AP_S2, _AP_Q2, _AP_O2, _AP_N2>&) [with int _AP_W2 = 16; int _AP_I2 = 2; bool _AP_S2 = true; ap_q_mode _AP_Q2 = (ap_q_mode)5; ap_o_mode _AP_O2 = (ap_o_mode)3; int _AP_N2 = 0; int _AP_W = 17; int _AP_I = 3; bool _AP_S = true; ap_q_mode _AP_Q = (ap_q_mode)5; ap_o_mode _AP_O = (ap_o_mode)3; int _AP_N = 0]'​0​-
1,12990,741,org.eclipse.cdt.ui.INFO_PARTITION_TYPE,/GCRU/Release​1191​-1​-1​required from 'typename ap_fixed_base<_AP_W, _AP_I, _AP_S, _AP_Q, _AP_O, _AP_N>::RType<_AP_W2, _AP_I2, _AP_S2>::plus ap_fixed_base<_AP_W, _AP_I, _AP_S, _AP_Q, _AP_O, _AP_N>::operator+(const ap_fixed_base<_AP_W2, _AP_I2, _AP_S2, _AP_Q2, _AP_O2, _AP_N2>&) const [with int _AP_W2 = 16; int _AP_I2 = 2; bool _AP_S2 = true; ap_q_mode _AP_Q2 = (ap_q_mode)5; ap_o_mode _AP_O2 = (ap_o_mode)3; int _AP_N2 = 0; int _AP_W = 16; int _AP_I = 2; bool _AP_S = true; ap_q_mode _AP_Q = (ap_q_mode)5; ap_o_mode _AP_O = (ap_o_mode)3; int _AP_N = 0; typename ap_fixed_base<_AP_W, _AP_I, _AP_S, _AP_Q, _AP_O, _AP_N>::RType<_AP_W2, _AP_I2, _AP_S2>::plus = ap_fixed<17, 3, (ap_q_mode)5, (ap_o_mode)3, 0>]'​0​-
1,13731,71,org.eclipse.cdt.ui.INFO_PARTITION_TYPE,/GCRU/Release​66​-1​-1​required from here​0​-
1,13802,124,org.eclipse.cdt.ui.WARNING_PARTITION_TYPE,/GCRU/Release​2140​-1​-1​enum constant in boolean context [-Wint-in-bool-context]​1​-
1,13926,169,org.eclipse.cdt.ui.CONSOLE_PARTITION_TYPE,-
1,14095,162,org.eclipse.cdt.ui.INFO_PARTITION_TYPE,/GCRU/Release​1627​-1​-1​required from 'ap_private<_AP_W, _AP_S, true>::ap_private() [with int _AP_W = 46; bool _AP_S = true]'​0​-
1,14257,154,org.eclipse.cdt.ui.INFO_PARTITION_TYPE,/GCRU/Release​637​-1​-1​required from 'ssdm_int_sim<_AP_W, _AP_S>::ssdm_int_sim() [with int _AP_W = 46; bool _AP_S = true]'​0​-
1,14411,487,org.eclipse.cdt.ui.INFO_PARTITION_TYPE,/GCRU/Release​429​-1​-1​required from 'ap_fixed_base<_AP_W, _AP_I, _AP_S, _AP_Q, _AP_O, _AP_N>::ap_fixed_base(const ap_fixed_base<_AP_W2, _AP_I2, _AP_S2, _AP_Q2, _AP_O2, _AP_N2>&) [with int _AP_W2 = 32; int _AP_I2 = 32; bool _AP_S2 = true; ap_q_mode _AP_Q2 = (ap_q_mode)5; ap_o_mode _AP_O2 = (ap_o_mode)3; int _AP_N2 = 0; int _AP_W = 46; int _AP_I = 32; bool _AP_S = true; ap_q_mode _AP_Q = (ap_q_mode)5; ap_o_mode _AP_O = (ap_o_mode)3; int _AP_N = 0]'​0​-
1,14898,493,org.eclipse.cdt.ui.INFO_PARTITION_TYPE,/GCRU/Release​1494​-1​-1​required from 'bool ap_fixed_base<_AP_W, _AP_I, _AP_S, _AP_Q, _AP_O, _AP_N>::operator<(const ap_fixed_base<_AP_W2, _AP_I2, _AP_S2, _AP_Q2, _AP_O2, _AP_N2>&) const [with int _AP_W2 = 32; int _AP_I2 = 32; bool _AP_S2 = true; ap_q_mode _AP_Q2 = (ap_q_mode)5; ap_o_mode _AP_O2 = (ap_o_mode)3; int _AP_N2 = 0; int _AP_W = 16; int _AP_I = 2; bool _AP_S = true; ap_q_mode _AP_Q = (ap_q_mode)5; ap_o_mode _AP_O = (ap_o_mode)3; int _AP_N = 0]'​0​-
1,15391,293,org.eclipse.cdt.ui.INFO_PARTITION_TYPE,/GCRU/Release​2218​-1​-1​required from 'bool operator<(const ap_fixed_base<_AP_W, _AP_I, _AP_S, _AP_Q, _AP_O, _AP_N>&, int) [with int _AP_W = 16; int _AP_I = 2; bool _AP_S = true; ap_q_mode _AP_Q = (ap_q_mode)5; ap_o_mode _AP_O = (ap_o_mode)3; int _AP_N = 0]'​0​-
1,15684,71,org.eclipse.cdt.ui.INFO_PARTITION_TYPE,/GCRU/Release​76​-1​-1​required from here​0​-
1,15755,124,org.eclipse.cdt.ui.WARNING_PARTITION_TYPE,/GCRU/Release​2140​-1​-1​enum constant in boolean context [-Wint-in-bool-context]​1​-
1,15879,168,org.eclipse.cdt.ui.CONSOLE_PARTITION_TYPE,-
1,16047,161,org.eclipse.cdt.ui.INFO_PARTITION_TYPE,/GCRU/Release​1627​-1​-1​required from 'ap_private<_AP_W, _AP_S, true>::ap_private() [with int _AP_W = 3; bool _AP_S = true]'​0​-
1,16208,153,org.eclipse.cdt.ui.INFO_PARTITION_TYPE,/GCRU/Release​637​-1​-1​required from 'ssdm_int_sim<_AP_W, _AP_S>::ssdm_int_sim() [with int _AP_W = 3; bool _AP_S = true]'​0​-
1,16361,484,org.eclipse.cdt.ui.INFO_PARTITION_TYPE,/GCRU/Release​429​-1​-1​required from 'ap_fixed_base<_AP_W, _AP_I, _AP_S, _AP_Q, _AP_O, _AP_N>::ap_fixed_base(const ap_fixed_base<_AP_W2, _AP_I2, _AP_S2, _AP_Q2, _AP_O2, _AP_N2>&) [with int _AP_W2 = 16; int _AP_I2 = 2; bool _AP_S2 = true; ap_q_mode _AP_Q2 = (ap_q_mode)5; ap_o_mode _AP_O2 = (ap_o_mode)3; int _AP_N2 = 0; int _AP_W = 3; int _AP_I = 3; bool _AP_S = true; ap_q_mode _AP_Q = (ap_q_mode)5; ap_o_mode _AP_O = (ap_o_mode)3; int _AP_N = 0]'​0​-
1,16845,493,org.eclipse.cdt.ui.INFO_PARTITION_TYPE,/GCRU/Release​1494​-1​-1​required from 'bool ap_fixed_base<_AP_W, _AP_I, _AP_S, _AP_Q, _AP_O, _AP_N>::operator<(const ap_fixed_base<_AP_W2, _AP_I2, _AP_S2, _AP_Q2, _AP_O2, _AP_N2>&) const [with int _AP_W2 = 32; int _AP_I2 = 32; bool _AP_S2 = true; ap_q_mode _AP_Q2 = (ap_q_mode)5; ap_o_mode _AP_O2 = (ap_o_mode)3; int _AP_N2 = 0; int _AP_W = 16; int _AP_I = 2; bool _AP_S = true; ap_q_mode _AP_Q = (ap_q_mode)5; ap_o_mode _AP_O = (ap_o_mode)3; int _AP_N = 0]'​0​-
1,17338,293,org.eclipse.cdt.ui.INFO_PARTITION_TYPE,/GCRU/Release​2218​-1​-1​required from 'bool operator<(const ap_fixed_base<_AP_W, _AP_I, _AP_S, _AP_Q, _AP_O, _AP_N>&, int) [with int _AP_W = 16; int _AP_I = 2; bool _AP_S = true; ap_q_mode _AP_Q = (ap_q_mode)5; ap_o_mode _AP_O = (ap_o_mode)3; int _AP_N = 0]'​0​-
1,17631,71,org.eclipse.cdt.ui.INFO_PARTITION_TYPE,/GCRU/Release​76​-1​-1​required from here​0​-
1,17702,124,org.eclipse.cdt.ui.WARNING_PARTITION_TYPE,/GCRU/Release​2140​-1​-1​enum constant in boolean context [-Wint-in-bool-context]​1​-
1,17826,169,org.eclipse.cdt.ui.CONSOLE_PARTITION_TYPE,-
1,17995,169,org.eclipse.cdt.ui.INFO_PARTITION_TYPE,/GCRU/Release​1645​-1​-1​required from 'ap_private<_AP_W, _AP_S, true>::ap_private(long int) [with int _AP_W = 49; bool _AP_S = true]'​0​-
1,18164,407,org.eclipse.cdt.ui.INFO_PARTITION_TYPE,/GCRU/Release​2078​-1​-1​required from 'typename ap_private<_AP_W, _AP_S, true>::RType<_AP_W2, _AP_S2>::minus ap_private<_AP_W, _AP_S, true>::operator-(const ap_private<_AP_W1, _AP_S1>&) const [with int _AP_W1 = 48; bool _AP_S1 = true; int _AP_W = 1; bool _AP_S = false; typename ap_private<_AP_W, _AP_S, true>::RType<_AP_W2, _AP_S2>::minus = ap_private<49, true, true>]'​0​-
1,18571,325,org.eclipse.cdt.ui.INFO_PARTITION_TYPE,/GCRU/Release​1764​-1​-1​required from 'typename ap_private<_AP_W, _AP_S, true>::RType<1, false>::minus ap_private<_AP_W, _AP_S, true>::operator-() const [with int _AP_W = 48; bool _AP_S = true; typename ap_private<_AP_W, _AP_S, true>::RType<1, false>::minus = ap_private<49, true, true>]'​0​-
1,18896,290,org.eclipse.cdt.ui.INFO_PARTITION_TYPE,/GCRU/Release​938​-1​-1​required from 'float ap_fixed_base<_AP_W, _AP_I, _AP_S, _AP_Q, _AP_O, _AP_N>::to_float() const [with int _AP_W = 48; int _AP_I = 34; bool _AP_S = true; ap_q_mode _AP_Q = (ap_q_mode)5; ap_o_mode _AP_O = (ap_o_mode)3; int _AP_N = 0]'​0​-
1,19186,291,org.eclipse.cdt.ui.INFO_PARTITION_TYPE,/GCRU/Release​1025​-1​-1​required from 'ap_fixed_base<_AP_W, _AP_I, _AP_S, _AP_Q, _AP_O, _AP_N>::operator float() const [with int _AP_W = 48; int _AP_I = 34; bool _AP_S = true; ap_q_mode _AP_Q = (ap_q_mode)5; ap_o_mode _AP_O = (ap_o_mode)3; int _AP_N = 0]'​0​-
1,19477,73,org.eclipse.cdt.ui.INFO_PARTITION_TYPE,/GCRU/Release​1067​-1​-1​required from here​0​-
1,19550,124,org.eclipse.cdt.ui.WARNING_PARTITION_TYPE,/GCRU/Release​2140​-1​-1​enum constant in boolean context [-Wint-in-bool-context]​1​-
1,19674,415,org.eclipse.cdt.ui.CONSOLE_PARTITION_TYPE,-
1,20089,241,org.eclipse.cdt.ui.INFO_PARTITION_TYPE,/GCRU/Release​5326​-1​-1​required from 'void ap_private<_AP_W, _AP_S, false>::cpSextOrTrunc(const ap_private<_AP_W1, _AP_S1>&) [with int _AP_W1 = 66; bool _AP_S1 = true; int _AP_W = 65; bool _AP_S = true]'​0​-
1,20330,265,org.eclipse.cdt.ui.INFO_PARTITION_TYPE,/GCRU/Release​4589​-1​-1​required from 'ap_private<_AP_W, _AP_S, false>& ap_private<_AP_W, _AP_S, false>::operator=(const ap_private<_AP_W1, _AP_S1>&) [with int _AP_W1 = 66; bool _AP_S1 = true; int _AP_W = 65; bool _AP_S = true]'​0​-
1,20595,377,org.eclipse.cdt.ui.INFO_PARTITION_TYPE,/GCRU/Release​1356​-1​-1​required from 'typename ap_int_base<_AP_W, _AP_S>::RType<_AP_W2, _AP_S2>::minus operator-(const ap_int_base<_AP_W2, _AP_S2>&, const ap_int_base<_AP_W3, _AP_S3>&) [with int _AP_W = 11; bool _AP_S = false; int _AP_W2 = 64; bool _AP_S2 = true; typename ap_int_base<_AP_W, _AP_S>::RType<_AP_W2, _AP_S2>::minus = ap_int<65>]'​0​-
1,20972,324,org.eclipse.cdt.ui.INFO_PARTITION_TYPE,/GCRU/Release​1471​-1​-1​required from 'typename ap_int_base<_AP_W, _AP_S>::RType<_AP_SIZE_long, true>::minus operator-(const ap_int_base<_AP_W2, _AP_S2>&, long int) [with int _AP_W = 11; bool _AP_S = false; typename ap_int_base<_AP_W, _AP_S>::RType<_AP_SIZE_long, true>::minus = ap_int<65>]'​0​-
1,21296,288,org.eclipse.cdt.ui.INFO_PARTITION_TYPE,/GCRU/Release​562​-1​-1​required from 'ap_fixed_base<_AP_W, _AP_I, _AP_S, _AP_Q, _AP_O, _AP_N>::ap_fixed_base(double) [with int _AP_W = 16; int _AP_I = 2; bool _AP_S = true; ap_q_mode _AP_Q = (ap_q_mode)5; ap_o_mode _AP_O = (ap_o_mode)3; int _AP_N = 0]'​0​-
1,21584,246,org.eclipse.cdt.ui.INFO_PARTITION_TYPE,/GCRU/Release​180​-1​-1​required from 'ap_fixed<_AP_W, _AP_I, _AP_Q, _AP_O, _AP_N>::ap_fixed(double) [with int _AP_W = 16; int _AP_I = 2; ap_q_mode _AP_Q = (ap_q_mode)5; ap_o_mode _AP_O = (ap_o_mode)3; int _AP_N = 0]'​0​-
1,21830,71,org.eclipse.cdt.ui.INFO_PARTITION_TYPE,/GCRU/Release​58​-1​-1​required from here​0​-
1,21901,124,org.eclipse.cdt.ui.WARNING_PARTITION_TYPE,/GCRU/Release​5283​-1​-1​enum constant in boolean context [-Wint-in-bool-context]​1​-
1,22025,153,org.eclipse.cdt.ui.CONSOLE_PARTITION_TYPE,-
1,22178,124,org.eclipse.cdt.ui.WARNING_PARTITION_TYPE,/GCRU/Release​5291​-1​-1​enum constant in boolean context [-Wint-in-bool-context]​1​-
1,22302,502,org.eclipse.cdt.ui.CONSOLE_PARTITION_TYPE,-
1,22804,169,org.eclipse.cdt.ui.INFO_PARTITION_TYPE,/GCRU/Release​1645​-1​-1​required from 'ap_private<_AP_W, _AP_S, true>::ap_private(long int) [with int _AP_W = 56; bool _AP_S = true]'​0​-
1,22973,407,org.eclipse.cdt.ui.INFO_PARTITION_TYPE,/GCRU/Release​2078​-1​-1​required from 'typename ap_private<_AP_W, _AP_S, true>::RType<_AP_W2, _AP_S2>::minus ap_private<_AP_W, _AP_S, true>::operator-(const ap_private<_AP_W1, _AP_S1>&) const [with int _AP_W1 = 55; bool _AP_S1 = true; int _AP_W = 55; bool _AP_S = true; typename ap_private<_AP_W, _AP_S, true>::RType<_AP_W2, _AP_S2>::minus = ap_private<56, true, true>]'​0​-
1,23380,376,org.eclipse.cdt.ui.INFO_PARTITION_TYPE,/GCRU/Release​1356​-1​-1​required from 'typename ap_int_base<_AP_W, _AP_S>::RType<_AP_W2, _AP_S2>::minus operator-(const ap_int_base<_AP_W2, _AP_S2>&, const ap_int_base<_AP_W3, _AP_S3>&) [with int _AP_W = 1; bool _AP_S = false; int _AP_W2 = 54; bool _AP_S2 = true; typename ap_int_base<_AP_W, _AP_S>::RType<_AP_W2, _AP_S2>::minus = ap_int<55>]'​0​-
1,23756,290,org.eclipse.cdt.ui.INFO_PARTITION_TYPE,/GCRU/Release​757​-1​-1​required from 'typename ap_int_base<_AP_W, _AP_S>::RType<1, false>::minus ap_int_base<_AP_W, _AP_S>::operator-() const [with int _AP_W = 54; bool _AP_S = true; typename ap_int_base<_AP_W, _AP_S>::RType<1, false>::minus = ap_int<55>]'​0​-
1,24046,288,org.eclipse.cdt.ui.INFO_PARTITION_TYPE,/GCRU/Release​569​-1​-1​required from 'ap_fixed_base<_AP_W, _AP_I, _AP_S, _AP_Q, _AP_O, _AP_N>::ap_fixed_base(double) [with int _AP_W = 16; int _AP_I = 2; bool _AP_S = true; ap_q_mode _AP_Q = (ap_q_mode)5; ap_o_mode _AP_O = (ap_o_mode)3; int _AP_N = 0]'​0​-
1,24334,246,org.eclipse.cdt.ui.INFO_PARTITION_TYPE,/GCRU/Release​180​-1​-1​required from 'ap_fixed<_AP_W, _AP_I, _AP_Q, _AP_O, _AP_N>::ap_fixed(double) [with int _AP_W = 16; int _AP_I = 2; ap_q_mode _AP_Q = (ap_q_mode)5; ap_o_mode _AP_O = (ap_o_mode)3; int _AP_N = 0]'​0​-
1,24580,71,org.eclipse.cdt.ui.INFO_PARTITION_TYPE,/GCRU/Release​58​-1​-1​required from here​0​-
1,24651,124,org.eclipse.cdt.ui.WARNING_PARTITION_TYPE,/GCRU/Release​2140​-1​-1​enum constant in boolean context [-Wint-in-bool-context]​1​-
1,24775,426,org.eclipse.cdt.ui.CONSOLE_PARTITION_TYPE,-
1,25201,196,org.eclipse.cdt.ui.INFO_PARTITION_TYPE,/GCRU/Release​1481​-1​-1​required from 'ap_private<_AP_W, _AP_S, true>& ap_private<_AP_W, _AP_S, true>::operator=(int) [with int _AP_W = 46; bool _AP_S = false]'​0​-
1,25397,312,org.eclipse.cdt.ui.INFO_PARTITION_TYPE,/GCRU/Release​349​-1​-1​required from 'void ap_fixed_base<_AP_W, _AP_I, _AP_S, _AP_Q, _AP_O, _AP_N>::overflow_adjust(bool, bool, bool, bool) [with int _AP_W = 46; int _AP_I = 32; bool _AP_S = true; ap_q_mode _AP_Q = (ap_q_mode)5; ap_o_mode _AP_O = (ap_o_mode)3; int _AP_N = 0]'​0​-
1,25709,540,org.eclipse.cdt.ui.INFO_PARTITION_TYPE,/GCRU/Release​792​-1​-1​required from 'ap_fixed_base<_AP_W, _AP_I, _AP_S, _AP_Q, _AP_O, _AP_N>& ap_fixed_base<_AP_W, _AP_I, _AP_S, _AP_Q, _AP_O, _AP_N>::operator=(const ap_fixed_base<_AP_W2, _AP_I2, _AP_S2, _AP_Q2, _AP_O2, _AP_N2>&) [with int _AP_W2 = 32; int _AP_I2 = 32; bool _AP_S2 = true; ap_q_mode _AP_Q2 = (ap_q_mode)5; ap_o_mode _AP_O2 = (ap_o_mode)3; int _AP_N2 = 0; int _AP_W = 46; int _AP_I = 32; bool _AP_S = true; ap_q_mode _AP_Q = (ap_q_mode)5; ap_o_mode _AP_O = (ap_o_mode)3; int _AP_N = 0]'​0​-
1,26249,487,org.eclipse.cdt.ui.INFO_PARTITION_TYPE,/GCRU/Release​430​-1​-1​required from 'ap_fixed_base<_AP_W, _AP_I, _AP_S, _AP_Q, _AP_O, _AP_N>::ap_fixed_base(const ap_fixed_base<_AP_W2, _AP_I2, _AP_S2, _AP_Q2, _AP_O2, _AP_N2>&) [with int _AP_W2 = 32; int _AP_I2 = 32; bool _AP_S2 = true; ap_q_mode _AP_Q2 = (ap_q_mode)5; ap_o_mode _AP_O2 = (ap_o_mode)3; int _AP_N2 = 0; int _AP_W = 46; int _AP_I = 32; bool _AP_S = true; ap_q_mode _AP_Q = (ap_q_mode)5; ap_o_mode _AP_O = (ap_o_mode)3; int _AP_N = 0]'​0​-
1,26736,493,org.eclipse.cdt.ui.INFO_PARTITION_TYPE,/GCRU/Release​1494​-1​-1​required from 'bool ap_fixed_base<_AP_W, _AP_I, _AP_S, _AP_Q, _AP_O, _AP_N>::operator<(const ap_fixed_base<_AP_W2, _AP_I2, _AP_S2, _AP_Q2, _AP_O2, _AP_N2>&) const [with int _AP_W2 = 32; int _AP_I2 = 32; bool _AP_S2 = true; ap_q_mode _AP_Q2 = (ap_q_mode)5; ap_o_mode _AP_O2 = (ap_o_mode)3; int _AP_N2 = 0; int _AP_W = 16; int _AP_I = 2; bool _AP_S = true; ap_q_mode _AP_Q = (ap_q_mode)5; ap_o_mode _AP_O = (ap_o_mode)3; int _AP_N = 0]'​0​-
1,27229,293,org.eclipse.cdt.ui.INFO_PARTITION_TYPE,/GCRU/Release​2218​-1​-1​required from 'bool operator<(const ap_fixed_base<_AP_W, _AP_I, _AP_S, _AP_Q, _AP_O, _AP_N>&, int) [with int _AP_W = 16; int _AP_I = 2; bool _AP_S = true; ap_q_mode _AP_Q = (ap_q_mode)5; ap_o_mode _AP_O = (ap_o_mode)3; int _AP_N = 0]'​0​-
1,27522,71,org.eclipse.cdt.ui.INFO_PARTITION_TYPE,/GCRU/Release​76​-1​-1​required from here​0​-
1,27593,124,org.eclipse.cdt.ui.WARNING_PARTITION_TYPE,/GCRU/Release​2140​-1​-1​enum constant in boolean context [-Wint-in-bool-context]​1​-
1,27717,169,org.eclipse.cdt.ui.CONSOLE_PARTITION_TYPE,-
1,27886,195,org.eclipse.cdt.ui.INFO_PARTITION_TYPE,/GCRU/Release​1481​-1​-1​required from 'ap_private<_AP_W, _AP_S, true>& ap_private<_AP_W, _AP_S, true>::operator=(int) [with int _AP_W = 3; bool _AP_S = false]'​0​-
1,28081,310,org.eclipse.cdt.ui.INFO_PARTITION_TYPE,/GCRU/Release​349​-1​-1​required from 'void ap_fixed_base<_AP_W, _AP_I, _AP_S, _AP_Q, _AP_O, _AP_N>::overflow_adjust(bool, bool, bool, bool) [with int _AP_W = 3; int _AP_I = 3; bool _AP_S = true; ap_q_mode _AP_Q = (ap_q_mode)5; ap_o_mode _AP_O = (ap_o_mode)3; int _AP_N = 0]'​0​-
1,28391,537,org.eclipse.cdt.ui.INFO_PARTITION_TYPE,/GCRU/Release​792​-1​-1​required from 'ap_fixed_base<_AP_W, _AP_I, _AP_S, _AP_Q, _AP_O, _AP_N>& ap_fixed_base<_AP_W, _AP_I, _AP_S, _AP_Q, _AP_O, _AP_N>::operator=(const ap_fixed_base<_AP_W2, _AP_I2, _AP_S2, _AP_Q2, _AP_O2, _AP_N2>&) [with int _AP_W2 = 16; int _AP_I2 = 2; bool _AP_S2 = true; ap_q_mode _AP_Q2 = (ap_q_mode)5; ap_o_mode _AP_O2 = (ap_o_mode)3; int _AP_N2 = 0; int _AP_W = 3; int _AP_I = 3; bool _AP_S = true; ap_q_mode _AP_Q = (ap_q_mode)5; ap_o_mode _AP_O = (ap_o_mode)3; int _AP_N = 0]'​0​-
1,28928,484,org.eclipse.cdt.ui.INFO_PARTITION_TYPE,/GCRU/Release​430​-1​-1​required from 'ap_fixed_base<_AP_W, _AP_I, _AP_S, _AP_Q, _AP_O, _AP_N>::ap_fixed_base(const ap_fixed_base<_AP_W2, _AP_I2, _AP_S2, _AP_Q2, _AP_O2, _AP_N2>&) [with int _AP_W2 = 16; int _AP_I2 = 2; bool _AP_S2 = true; ap_q_mode _AP_Q2 = (ap_q_mode)5; ap_o_mode _AP_O2 = (ap_o_mode)3; int _AP_N2 = 0; int _AP_W = 3; int _AP_I = 3; bool _AP_S = true; ap_q_mode _AP_Q = (ap_q_mode)5; ap_o_mode _AP_O = (ap_o_mode)3; int _AP_N = 0]'​0​-
1,29412,493,org.eclipse.cdt.ui.INFO_PARTITION_TYPE,/GCRU/Release​1494​-1​-1​required from 'bool ap_fixed_base<_AP_W, _AP_I, _AP_S, _AP_Q, _AP_O, _AP_N>::operator<(const ap_fixed_base<_AP_W2, _AP_I2, _AP_S2, _AP_Q2, _AP_O2, _AP_N2>&) const [with int _AP_W2 = 32; int _AP_I2 = 32; bool _AP_S2 = true; ap_q_mode _AP_Q2 = (ap_q_mode)5; ap_o_mode _AP_O2 = (ap_o_mode)3; int _AP_N2 = 0; int _AP_W = 16; int _AP_I = 2; bool _AP_S = true; ap_q_mode _AP_Q = (ap_q_mode)5; ap_o_mode _AP_O = (ap_o_mode)3; int _AP_N = 0]'​0​-
1,29905,293,org.eclipse.cdt.ui.INFO_PARTITION_TYPE,/GCRU/Release​2218​-1​-1​required from 'bool operator<(const ap_fixed_base<_AP_W, _AP_I, _AP_S, _AP_Q, _AP_O, _AP_N>&, int) [with int _AP_W = 16; int _AP_I = 2; bool _AP_S = true; ap_q_mode _AP_Q = (ap_q_mode)5; ap_o_mode _AP_O = (ap_o_mode)3; int _AP_N = 0]'​0​-
1,30198,71,org.eclipse.cdt.ui.INFO_PARTITION_TYPE,/GCRU/Release​76​-1​-1​required from here​0​-
1,30269,124,org.eclipse.cdt.ui.WARNING_PARTITION_TYPE,/GCRU/Release​2140​-1​-1​enum constant in boolean context [-Wint-in-bool-context]​1​-
1,30393,416,org.eclipse.cdt.ui.CONSOLE_PARTITION_TYPE,-
1,30809,242,org.eclipse.cdt.ui.INFO_PARTITION_TYPE,/GCRU/Release​5326​-1​-1​required from 'void ap_private<_AP_W, _AP_S, false>::cpSextOrTrunc(const ap_private<_AP_W1, _AP_S1>&) [with int _AP_W1 = 11; bool _AP_S1 = false; int _AP_W = 65; bool _AP_S = true]'​0​-
1,31051,266,org.eclipse.cdt.ui.INFO_PARTITION_TYPE,/GCRU/Release​4589​-1​-1​required from 'ap_private<_AP_W, _AP_S, false>& ap_private<_AP_W, _AP_S, false>::operator=(const ap_private<_AP_W1, _AP_S1>&) [with int _AP_W1 = 11; bool _AP_S1 = false; int _AP_W = 65; bool _AP_S = true]'​0​-
1,31317,226,org.eclipse.cdt.ui.INFO_PARTITION_TYPE,/GCRU/Release​217​-1​-1​required from 'ap_int_base<_AP_W, _AP_S>::ap_int_base(const ap_int_base<_AP_W2, _AP_S2>&) [with int _AP_W2 = 11; bool _AP_S2 = false; int _AP_W = 65; bool _AP_S = true]'​0​-
1,31543,377,org.eclipse.cdt.ui.INFO_PARTITION_TYPE,/GCRU/Release​1356​-1​-1​required from 'typename ap_int_base<_AP_W, _AP_S>::RType<_AP_W2, _AP_S2>::minus operator-(const ap_int_base<_AP_W2, _AP_S2>&, const ap_int_base<_AP_W3, _AP_S3>&) [with int _AP_W = 11; bool _AP_S = false; int _AP_W2 = 64; bool _AP_S2 = true; typename ap_int_base<_AP_W, _AP_S>::RType<_AP_W2, _AP_S2>::minus = ap_int<65>]'​0​-
1,31920,324,org.eclipse.cdt.ui.INFO_PARTITION_TYPE,/GCRU/Release​1471​-1​-1​required from 'typename ap_int_base<_AP_W, _AP_S>::RType<_AP_SIZE_long, true>::minus operator-(const ap_int_base<_AP_W2, _AP_S2>&, long int) [with int _AP_W = 11; bool _AP_S = false; typename ap_int_base<_AP_W, _AP_S>::RType<_AP_SIZE_long, true>::minus = ap_int<65>]'​0​-
1,32244,288,org.eclipse.cdt.ui.INFO_PARTITION_TYPE,/GCRU/Release​562​-1​-1​required from 'ap_fixed_base<_AP_W, _AP_I, _AP_S, _AP_Q, _AP_O, _AP_N>::ap_fixed_base(double) [with int _AP_W = 16; int _AP_I = 2; bool _AP_S = true; ap_q_mode _AP_Q = (ap_q_mode)5; ap_o_mode _AP_O = (ap_o_mode)3; int _AP_N = 0]'​0​-
1,32532,246,org.eclipse.cdt.ui.INFO_PARTITION_TYPE,/GCRU/Release​180​-1​-1​required from 'ap_fixed<_AP_W, _AP_I, _AP_Q, _AP_O, _AP_N>::ap_fixed(double) [with int _AP_W = 16; int _AP_I = 2; ap_q_mode _AP_Q = (ap_q_mode)5; ap_o_mode _AP_O = (ap_o_mode)3; int _AP_N = 0]'​0​-
1,32778,71,org.eclipse.cdt.ui.INFO_PARTITION_TYPE,/GCRU/Release​58​-1​-1​required from here​0​-
1,32849,124,org.eclipse.cdt.ui.WARNING_PARTITION_TYPE,/GCRU/Release​5283​-1​-1​enum constant in boolean context [-Wint-in-bool-context]​1​-
1,32973,153,org.eclipse.cdt.ui.CONSOLE_PARTITION_TYPE,-
1,33126,124,org.eclipse.cdt.ui.WARNING_PARTITION_TYPE,/GCRU/Release​5291​-1​-1​enum constant in boolean context [-Wint-in-bool-context]​1​-
1,33250,501,org.eclipse.cdt.ui.CONSOLE_PARTITION_TYPE,-
1,33751,261,org.eclipse.cdt.ui.INFO_PARTITION_TYPE,/GCRU/Release​1658​-1​-1​required from 'ap_private<_AP_W, _AP_S, true>::ap_private(const ap_private<_AP_W1, _AP_S1, _AP_OPT>&) [with int _AP_W1 = 3; bool _AP_S1 = false; bool _AP_OPT = true; int _AP_W = 4; bool _AP_S = true]'​0​-
1,34012,205,org.eclipse.cdt.ui.INFO_PARTITION_TYPE,/GCRU/Release​1757​-1​-1​required from 'ap_private<(_AP_W + (! _AP_S)), true> ap_private<_AP_W, _AP_S, true>::operator~() const [with int _AP_W = 3; bool _AP_S = false]'​0​-
1,34217,310,org.eclipse.cdt.ui.INFO_PARTITION_TYPE,/GCRU/Release​394​-1​-1​required from 'void ap_fixed_base<_AP_W, _AP_I, _AP_S, _AP_Q, _AP_O, _AP_N>::overflow_adjust(bool, bool, bool, bool) [with int _AP_W = 3; int _AP_I = 3; bool _AP_S = true; ap_q_mode _AP_Q = (ap_q_mode)5; ap_o_mode _AP_O = (ap_o_mode)3; int _AP_N = 0]'​0​-
1,34527,537,org.eclipse.cdt.ui.INFO_PARTITION_TYPE,/GCRU/Release​792​-1​-1​required from 'ap_fixed_base<_AP_W, _AP_I, _AP_S, _AP_Q, _AP_O, _AP_N>& ap_fixed_base<_AP_W, _AP_I, _AP_S, _AP_Q, _AP_O, _AP_N>::operator=(const ap_fixed_base<_AP_W2, _AP_I2, _AP_S2, _AP_Q2, _AP_O2, _AP_N2>&) [with int _AP_W2 = 16; int _AP_I2 = 2; bool _AP_S2 = true; ap_q_mode _AP_Q2 = (ap_q_mode)5; ap_o_mode _AP_O2 = (ap_o_mode)3; int _AP_N2 = 0; int _AP_W = 3; int _AP_I = 3; bool _AP_S = true; ap_q_mode _AP_Q = (ap_q_mode)5; ap_o_mode _AP_O = (ap_o_mode)3; int _AP_N = 0]'​0​-
1,35064,484,org.eclipse.cdt.ui.INFO_PARTITION_TYPE,/GCRU/Release​430​-1​-1​required from 'ap_fixed_base<_AP_W, _AP_I, _AP_S, _AP_Q, _AP_O, _AP_N>::ap_fixed_base(const ap_fixed_base<_AP_W2, _AP_I2, _AP_S2, _AP_Q2, _AP_O2, _AP_N2>&) [with int _AP_W2 = 16; int _AP_I2 = 2; bool _AP_S2 = true; ap_q_mode _AP_Q2 = (ap_q_mode)5; ap_o_mode _AP_O2 = (ap_o_mode)3; int _AP_N2 = 0; int _AP_W = 3; int _AP_I = 3; bool _AP_S = true; ap_q_mode _AP_Q = (ap_q_mode)5; ap_o_mode _AP_O = (ap_o_mode)3; int _AP_N = 0]'​0​-
1,35548,493,org.eclipse.cdt.ui.INFO_PARTITION_TYPE,/GCRU/Release​1494​-1​-1​required from 'bool ap_fixed_base<_AP_W, _AP_I, _AP_S, _AP_Q, _AP_O, _AP_N>::operator<(const ap_fixed_base<_AP_W2, _AP_I2, _AP_S2, _AP_Q2, _AP_O2, _AP_N2>&) const [with int _AP_W2 = 32; int _AP_I2 = 32; bool _AP_S2 = true; ap_q_mode _AP_Q2 = (ap_q_mode)5; ap_o_mode _AP_O2 = (ap_o_mode)3; int _AP_N2 = 0; int _AP_W = 16; int _AP_I = 2; bool _AP_S = true; ap_q_mode _AP_Q = (ap_q_mode)5; ap_o_mode _AP_O = (ap_o_mode)3; int _AP_N = 0]'​0​-
1,36041,293,org.eclipse.cdt.ui.INFO_PARTITION_TYPE,/GCRU/Release​2218​-1​-1​required from 'bool operator<(const ap_fixed_base<_AP_W, _AP_I, _AP_S, _AP_Q, _AP_O, _AP_N>&, int) [with int _AP_W = 16; int _AP_I = 2; bool _AP_S = true; ap_q_mode _AP_Q = (ap_q_mode)5; ap_o_mode _AP_O = (ap_o_mode)3; int _AP_N = 0]'​0​-
1,36334,71,org.eclipse.cdt.ui.INFO_PARTITION_TYPE,/GCRU/Release​76​-1​-1​required from here​0​-
1,36405,124,org.eclipse.cdt.ui.WARNING_PARTITION_TYPE,/GCRU/Release​2140​-1​-1​enum constant in boolean context [-Wint-in-bool-context]​1​-
1,36529,256,org.eclipse.cdt.ui.CONSOLE_PARTITION_TYPE,-
1,36785,164,org.eclipse.cdt.ui.WARNING_PARTITION_TYPE,/GCRU/Release​2139​-1​-1​'a.ap_private<16, true>::VAL' may be used uninitialized in this function [-Wmaybe-uninitialized]​1​-
1,36949,99,org.eclipse.cdt.ui.CONSOLE_PARTITION_TYPE,-
1,37048,164,org.eclipse.cdt.ui.WARNING_PARTITION_TYPE,/GCRU/Release​2139​-1​-1​'a.ap_private<16, true>::VAL' may be used uninitialized in this function [-Wmaybe-uninitialized]​1​-
1,37212,416,org.eclipse.cdt.ui.CONSOLE_PARTITION_TYPE,-
1,37628,257,org.eclipse.cdt.ui.INFO_PARTITION_TYPE,/GCRU/Release​1426​-1​-1​required from 'ap_private<_AP_W, _AP_S>& ap_private<_AP_W, _AP_S, true>::operator=(const ap_private<_AP_W1, _AP_S1>&) [with int _AP_W1 = 16; bool _AP_S1 = true; int _AP_W = 32; bool _AP_S = true]'​0​-
1,37885,741,org.eclipse.cdt.ui.INFO_PARTITION_TYPE,/GCRU/Release​1115​-1​-1​required from 'typename ap_fixed_base<_AP_W, _AP_I, _AP_S, _AP_Q, _AP_O, _AP_N>::RType<_AP_W2, _AP_I2, _AP_S2>::mult ap_fixed_base<_AP_W, _AP_I, _AP_S, _AP_Q, _AP_O, _AP_N>::operator*(const ap_fixed_base<_AP_W2, _AP_I2, _AP_S2, _AP_Q2, _AP_O2, _AP_N2>&) const [with int _AP_W2 = 16; int _AP_I2 = 2; bool _AP_S2 = true; ap_q_mode _AP_Q2 = (ap_q_mode)5; ap_o_mode _AP_O2 = (ap_o_mode)3; int _AP_N2 = 0; int _AP_W = 16; int _AP_I = 2; bool _AP_S = true; ap_q_mode _AP_Q = (ap_q_mode)5; ap_o_mode _AP_O = (ap_o_mode)3; int _AP_N = 0; typename ap_fixed_base<_AP_W, _AP_I, _AP_S, _AP_Q, _AP_O, _AP_N>::RType<_AP_W2, _AP_I2, _AP_S2>::mult = ap_fixed<32, 4, (ap_q_mode)5, (ap_o_mode)3, 0>]'​0​-
1,38626,37,org.eclipse.cdt.ui.INFO_PARTITION_TYPE,/GCRU/src/hw8.cpp​171​-1​-1​required from here​0​-
1,38663,124,org.eclipse.cdt.ui.WARNING_PARTITION_TYPE,/GCRU/Release​2140​-1​-1​enum constant in boolean context [-Wint-in-bool-context]​1​-
1,38787,425,org.eclipse.cdt.ui.CONSOLE_PARTITION_TYPE,-
1,39212,257,org.eclipse.cdt.ui.INFO_PARTITION_TYPE,/GCRU/Release​1426​-1​-1​required from 'ap_private<_AP_W, _AP_S>& ap_private<_AP_W, _AP_S, true>::operator=(const ap_private<_AP_W1, _AP_S1>&) [with int _AP_W1 = 18; bool _AP_S1 = true; int _AP_W = 17; bool _AP_S = true]'​0​-
1,39469,741,org.eclipse.cdt.ui.INFO_PARTITION_TYPE,/GCRU/Release​1191​-1​-1​required from 'typename ap_fixed_base<_AP_W, _AP_I, _AP_S, _AP_Q, _AP_O, _AP_N>::RType<_AP_W2, _AP_I2, _AP_S2>::plus ap_fixed_base<_AP_W, _AP_I, _AP_S, _AP_Q, _AP_O, _AP_N>::operator+(const ap_fixed_base<_AP_W2, _AP_I2, _AP_S2, _AP_Q2, _AP_O2, _AP_N2>&) const [with int _AP_W2 = 16; int _AP_I2 = 2; bool _AP_S2 = true; ap_q_mode _AP_Q2 = (ap_q_mode)5; ap_o_mode _AP_O2 = (ap_o_mode)3; int _AP_N2 = 0; int _AP_W = 16; int _AP_I = 2; bool _AP_S = true; ap_q_mode _AP_Q = (ap_q_mode)5; ap_o_mode _AP_O = (ap_o_mode)3; int _AP_N = 0; typename ap_fixed_base<_AP_W, _AP_I, _AP_S, _AP_Q, _AP_O, _AP_N>::RType<_AP_W2, _AP_I2, _AP_S2>::plus = ap_fixed<17, 3, (ap_q_mode)5, (ap_o_mode)3, 0>]'​0​-
1,40210,37,org.eclipse.cdt.ui.INFO_PARTITION_TYPE,/GCRU/src/hw8.cpp​173​-1​-1​required from here​0​-
1,40247,124,org.eclipse.cdt.ui.WARNING_PARTITION_TYPE,/GCRU/Release​2140​-1​-1​enum constant in boolean context [-Wint-in-bool-context]​1​-
1,40371,169,org.eclipse.cdt.ui.CONSOLE_PARTITION_TYPE,-
1,40540,178,org.eclipse.cdt.ui.INFO_PARTITION_TYPE,/GCRU/Release​1646​-1​-1​required from 'ap_private<_AP_W, _AP_S, true>::ap_private(long unsigned int) [with int _AP_W = 18; bool _AP_S = true]'​0​-
1,40718,405,org.eclipse.cdt.ui.INFO_PARTITION_TYPE,/GCRU/Release​2065​-1​-1​required from 'typename ap_private<_AP_W, _AP_S, true>::RType<_AP_W2, _AP_S2>::plus ap_private<_AP_W, _AP_S, true>::operator+(const ap_private<_AP_W1, _AP_S1>&) const [with int _AP_W1 = 17; bool _AP_S1 = true; int _AP_W = 17; bool _AP_S = true; typename ap_private<_AP_W, _AP_S, true>::RType<_AP_W2, _AP_S2>::plus = ap_private<18, true, true>]'​0​-
1,41123,741,org.eclipse.cdt.ui.INFO_PARTITION_TYPE,/GCRU/Release​1191​-1​-1​required from 'typename ap_fixed_base<_AP_W, _AP_I, _AP_S, _AP_Q, _AP_O, _AP_N>::RType<_AP_W2, _AP_I2, _AP_S2>::plus ap_fixed_base<_AP_W, _AP_I, _AP_S, _AP_Q, _AP_O, _AP_N>::operator+(const ap_fixed_base<_AP_W2, _AP_I2, _AP_S2, _AP_Q2, _AP_O2, _AP_N2>&) const [with int _AP_W2 = 16; int _AP_I2 = 2; bool _AP_S2 = true; ap_q_mode _AP_Q2 = (ap_q_mode)5; ap_o_mode _AP_O2 = (ap_o_mode)3; int _AP_N2 = 0; int _AP_W = 16; int _AP_I = 2; bool _AP_S = true; ap_q_mode _AP_Q = (ap_q_mode)5; ap_o_mode _AP_O = (ap_o_mode)3; int _AP_N = 0; typename ap_fixed_base<_AP_W, _AP_I, _AP_S, _AP_Q, _AP_O, _AP_N>::RType<_AP_W2, _AP_I2, _AP_S2>::plus = ap_fixed<17, 3, (ap_q_mode)5, (ap_o_mode)3, 0>]'​0​-
1,41864,37,org.eclipse.cdt.ui.INFO_PARTITION_TYPE,/GCRU/src/hw8.cpp​173​-1​-1​required from here​0​-
1,41901,124,org.eclipse.cdt.ui.WARNING_PARTITION_TYPE,/GCRU/Release​2140​-1​-1​enum constant in boolean context [-Wint-in-bool-context]​1​-
1,42025,169,org.eclipse.cdt.ui.CONSOLE_PARTITION_TYPE,-
1,42194,195,org.eclipse.cdt.ui.INFO_PARTITION_TYPE,/GCRU/Release​1481​-1​-1​required from 'ap_private<_AP_W, _AP_S, true>& ap_private<_AP_W, _AP_S, true>::operator=(int) [with int _AP_W = 16; bool _AP_S = true]'​0​-
1,42389,538,org.eclipse.cdt.ui.INFO_PARTITION_TYPE,/GCRU/Release​697​-1​-1​required from 'ap_fixed_base<_AP_W, _AP_I, _AP_S, _AP_Q, _AP_O, _AP_N>& ap_fixed_base<_AP_W, _AP_I, _AP_S, _AP_Q, _AP_O, _AP_N>::operator=(const ap_fixed_base<_AP_W2, _AP_I2, _AP_S2, _AP_Q2, _AP_O2, _AP_N2>&) [with int _AP_W2 = 18; int _AP_I2 = 4; bool _AP_S2 = true; ap_q_mode _AP_Q2 = (ap_q_mode)5; ap_o_mode _AP_O2 = (ap_o_mode)3; int _AP_N2 = 0; int _AP_W = 16; int _AP_I = 2; bool _AP_S = true; ap_q_mode _AP_Q = (ap_q_mode)5; ap_o_mode _AP_O = (ap_o_mode)3; int _AP_N = 0]'​0​-
1,42927,539,org.eclipse.cdt.ui.INFO_PARTITION_TYPE,/GCRU/Release​1211​-1​-1​required from 'ap_fixed_base<_AP_W, _AP_I, _AP_S, _AP_Q, _AP_O, _AP_N>& ap_fixed_base<_AP_W, _AP_I, _AP_S, _AP_Q, _AP_O, _AP_N>::operator+=(const ap_fixed_base<_AP_W2, _AP_I2, _AP_S2, _AP_Q2, _AP_O2, _AP_N2>&) [with int _AP_W2 = 17; int _AP_I2 = 3; bool _AP_S2 = true; ap_q_mode _AP_Q2 = (ap_q_mode)5; ap_o_mode _AP_O2 = (ap_o_mode)3; int _AP_N2 = 0; int _AP_W = 16; int _AP_I = 2; bool _AP_S = true; ap_q_mode _AP_Q = (ap_q_mode)5; ap_o_mode _AP_O = (ap_o_mode)3; int _AP_N = 0]'​0​-
1,43466,37,org.eclipse.cdt.ui.INFO_PARTITION_TYPE,/GCRU/src/hw8.cpp​187​-1​-1​required from here​0​-
1,43503,124,org.eclipse.cdt.ui.WARNING_PARTITION_TYPE,/GCRU/Release​2140​-1​-1​enum constant in boolean context [-Wint-in-bool-context]​1​-
1,43627,169,org.eclipse.cdt.ui.CONSOLE_PARTITION_TYPE,-
1,43796,178,org.eclipse.cdt.ui.INFO_PARTITION_TYPE,/GCRU/Release​1646​-1​-1​required from 'ap_private<_AP_W, _AP_S, true>::ap_private(long unsigned int) [with int _AP_W = 19; bool _AP_S = true]'​0​-
1,43974,405,org.eclipse.cdt.ui.INFO_PARTITION_TYPE,/GCRU/Release​2065​-1​-1​required from 'typename ap_private<_AP_W, _AP_S, true>::RType<_AP_W2, _AP_S2>::plus ap_private<_AP_W, _AP_S, true>::operator+(const ap_private<_AP_W1, _AP_S1>&) const [with int _AP_W1 = 18; bool _AP_S1 = true; int _AP_W = 18; bool _AP_S = true; typename ap_private<_AP_W, _AP_S, true>::RType<_AP_W2, _AP_S2>::plus = ap_private<19, true, true>]'​0​-
1,44379,741,org.eclipse.cdt.ui.INFO_PARTITION_TYPE,/GCRU/Release​1191​-1​-1​required from 'typename ap_fixed_base<_AP_W, _AP_I, _AP_S, _AP_Q, _AP_O, _AP_N>::RType<_AP_W2, _AP_I2, _AP_S2>::plus ap_fixed_base<_AP_W, _AP_I, _AP_S, _AP_Q, _AP_O, _AP_N>::operator+(const ap_fixed_base<_AP_W2, _AP_I2, _AP_S2, _AP_Q2, _AP_O2, _AP_N2>&) const [with int _AP_W2 = 17; int _AP_I2 = 3; bool _AP_S2 = true; ap_q_mode _AP_Q2 = (ap_q_mode)5; ap_o_mode _AP_O2 = (ap_o_mode)3; int _AP_N2 = 0; int _AP_W = 16; int _AP_I = 2; bool _AP_S = true; ap_q_mode _AP_Q = (ap_q_mode)5; ap_o_mode _AP_O = (ap_o_mode)3; int _AP_N = 0; typename ap_fixed_base<_AP_W, _AP_I, _AP_S, _AP_Q, _AP_O, _AP_N>::RType<_AP_W2, _AP_I2, _AP_S2>::plus = ap_fixed<18, 4, (ap_q_mode)5, (ap_o_mode)3, 0>]'​0​-
1,45120,539,org.eclipse.cdt.ui.INFO_PARTITION_TYPE,/GCRU/Release​1211​-1​-1​required from 'ap_fixed_base<_AP_W, _AP_I, _AP_S, _AP_Q, _AP_O, _AP_N>& ap_fixed_base<_AP_W, _AP_I, _AP_S, _AP_Q, _AP_O, _AP_N>::operator+=(const ap_fixed_base<_AP_W2, _AP_I2, _AP_S2, _AP_Q2, _AP_O2, _AP_N2>&) [with int _AP_W2 = 17; int _AP_I2 = 3; bool _AP_S2 = true; ap_q_mode _AP_Q2 = (ap_q_mode)5; ap_o_mode _AP_O2 = (ap_o_mode)3; int _AP_N2 = 0; int _AP_W = 16; int _AP_I = 2; bool _AP_S = true; ap_q_mode _AP_Q = (ap_q_mode)5; ap_o_mode _AP_O = (ap_o_mode)3; int _AP_N = 0]'​0​-
1,45659,37,org.eclipse.cdt.ui.INFO_PARTITION_TYPE,/GCRU/src/hw8.cpp​187​-1​-1​required from here​0​-
1,45696,124,org.eclipse.cdt.ui.WARNING_PARTITION_TYPE,/GCRU/Release​2140​-1​-1​enum constant in boolean context [-Wint-in-bool-context]​1​-
1,45820,170,org.eclipse.cdt.ui.CONSOLE_PARTITION_TYPE,-
1,45990,196,org.eclipse.cdt.ui.INFO_PARTITION_TYPE,/GCRU/Release​1481​-1​-1​required from 'ap_private<_AP_W, _AP_S, true>& ap_private<_AP_W, _AP_S, true>::operator=(int) [with int _AP_W = 18; bool _AP_S = false]'​0​-
1,46186,157,org.eclipse.cdt.ui.INFO_PARTITION_TYPE,/GCRU/Release​245​-1​-1​required from 'ap_int_base<_AP_W, _AP_S>::ap_int_base(int) [with int _AP_W = 18; bool _AP_S = false]'​0​-
1,46343,538,org.eclipse.cdt.ui.INFO_PARTITION_TYPE,/GCRU/Release​753​-1​-1​required from 'ap_fixed_base<_AP_W, _AP_I, _AP_S, _AP_Q, _AP_O, _AP_N>& ap_fixed_base<_AP_W, _AP_I, _AP_S, _AP_Q, _AP_O, _AP_N>::operator=(const ap_fixed_base<_AP_W2, _AP_I2, _AP_S2, _AP_Q2, _AP_O2, _AP_N2>&) [with int _AP_W2 = 18; int _AP_I2 = 4; bool _AP_S2 = true; ap_q_mode _AP_Q2 = (ap_q_mode)5; ap_o_mode _AP_O2 = (ap_o_mode)3; int _AP_N2 = 0; int _AP_W = 16; int _AP_I = 2; bool _AP_S = true; ap_q_mode _AP_Q = (ap_q_mode)5; ap_o_mode _AP_O = (ap_o_mode)3; int _AP_N = 0]'​0​-
1,46881,539,org.eclipse.cdt.ui.INFO_PARTITION_TYPE,/GCRU/Release​1211​-1​-1​required from 'ap_fixed_base<_AP_W, _AP_I, _AP_S, _AP_Q, _AP_O, _AP_N>& ap_fixed_base<_AP_W, _AP_I, _AP_S, _AP_Q, _AP_O, _AP_N>::operator+=(const ap_fixed_base<_AP_W2, _AP_I2, _AP_S2, _AP_Q2, _AP_O2, _AP_N2>&) [with int _AP_W2 = 17; int _AP_I2 = 3; bool _AP_S2 = true; ap_q_mode _AP_Q2 = (ap_q_mode)5; ap_o_mode _AP_O2 = (ap_o_mode)3; int _AP_N2 = 0; int _AP_W = 16; int _AP_I = 2; bool _AP_S = true; ap_q_mode _AP_Q = (ap_q_mode)5; ap_o_mode _AP_O = (ap_o_mode)3; int _AP_N = 0]'​0​-
1,47420,37,org.eclipse.cdt.ui.INFO_PARTITION_TYPE,/GCRU/src/hw8.cpp​187​-1​-1​required from here​0​-
1,47457,124,org.eclipse.cdt.ui.WARNING_PARTITION_TYPE,/GCRU/Release​2140​-1​-1​enum constant in boolean context [-Wint-in-bool-context]​1​-
1,47581,170,org.eclipse.cdt.ui.CONSOLE_PARTITION_TYPE,-
1,47751,196,org.eclipse.cdt.ui.INFO_PARTITION_TYPE,/GCRU/Release​1481​-1​-1​required from 'ap_private<_AP_W, _AP_S, true>& ap_private<_AP_W, _AP_S, true>::operator=(int) [with int _AP_W = 16; bool _AP_S = false]'​0​-
1,47947,311,org.eclipse.cdt.ui.INFO_PARTITION_TYPE,/GCRU/Release​349​-1​-1​required from 'void ap_fixed_base<_AP_W, _AP_I, _AP_S, _AP_Q, _AP_O, _AP_N>::overflow_adjust(bool, bool, bool, bool) [with int _AP_W = 16; int _AP_I = 2; bool _AP_S = true; ap_q_mode _AP_Q = (ap_q_mode)5; ap_o_mode _AP_O = (ap_o_mode)3; int _AP_N = 0]'​0​-
1,48258,538,org.eclipse.cdt.ui.INFO_PARTITION_TYPE,/GCRU/Release​792​-1​-1​required from 'ap_fixed_base<_AP_W, _AP_I, _AP_S, _AP_Q, _AP_O, _AP_N>& ap_fixed_base<_AP_W, _AP_I, _AP_S, _AP_Q, _AP_O, _AP_N>::operator=(const ap_fixed_base<_AP_W2, _AP_I2, _AP_S2, _AP_Q2, _AP_O2, _AP_N2>&) [with int _AP_W2 = 18; int _AP_I2 = 4; bool _AP_S2 = true; ap_q_mode _AP_Q2 = (ap_q_mode)5; ap_o_mode _AP_O2 = (ap_o_mode)3; int _AP_N2 = 0; int _AP_W = 16; int _AP_I = 2; bool _AP_S = true; ap_q_mode _AP_Q = (ap_q_mode)5; ap_o_mode _AP_O = (ap_o_mode)3; int _AP_N = 0]'​0​-
1,48796,539,org.eclipse.cdt.ui.INFO_PARTITION_TYPE,/GCRU/Release​1211​-1​-1​required from 'ap_fixed_base<_AP_W, _AP_I, _AP_S, _AP_Q, _AP_O, _AP_N>& ap_fixed_base<_AP_W, _AP_I, _AP_S, _AP_Q, _AP_O, _AP_N>::operator+=(const ap_fixed_base<_AP_W2, _AP_I2, _AP_S2, _AP_Q2, _AP_O2, _AP_N2>&) [with int _AP_W2 = 17; int _AP_I2 = 3; bool _AP_S2 = true; ap_q_mode _AP_Q2 = (ap_q_mode)5; ap_o_mode _AP_O2 = (ap_o_mode)3; int _AP_N2 = 0; int _AP_W = 16; int _AP_I = 2; bool _AP_S = true; ap_q_mode _AP_Q = (ap_q_mode)5; ap_o_mode _AP_O = (ap_o_mode)3; int _AP_N = 0]'​0​-
1,49335,37,org.eclipse.cdt.ui.INFO_PARTITION_TYPE,/GCRU/src/hw8.cpp​187​-1​-1​required from here​0​-
1,49372,124,org.eclipse.cdt.ui.WARNING_PARTITION_TYPE,/GCRU/Release​2140​-1​-1​enum constant in boolean context [-Wint-in-bool-context]​1​-
1,49496,169,org.eclipse.cdt.ui.CONSOLE_PARTITION_TYPE,-
1,49665,262,org.eclipse.cdt.ui.INFO_PARTITION_TYPE,/GCRU/Release​1658​-1​-1​required from 'ap_private<_AP_W, _AP_S, true>::ap_private(const ap_private<_AP_W1, _AP_S1, _AP_OPT>&) [with int _AP_W1 = 16; bool _AP_S1 = true; bool _AP_OPT = true; int _AP_W = 33; bool _AP_S = true]'​0​-
1,49927,242,org.eclipse.cdt.ui.INFO_PARTITION_TYPE,/GCRU/Release​2613​-1​-1​required from 'bool ap_private<_AP_W, _AP_S, true>::operator>(const ap_private<_AP_W1, _AP_S1>&) const [with int _AP_W2 = 32; bool _AP_S2 = true; int _AP_W = 16; bool _AP_S = true]'​0​-
1,50169,493,org.eclipse.cdt.ui.INFO_PARTITION_TYPE,/GCRU/Release​1493​-1​-1​required from 'bool ap_fixed_base<_AP_W, _AP_I, _AP_S, _AP_Q, _AP_O, _AP_N>::operator>(const ap_fixed_base<_AP_W2, _AP_I2, _AP_S2, _AP_Q2, _AP_O2, _AP_N2>&) const [with int _AP_W2 = 32; int _AP_I2 = 32; bool _AP_S2 = true; ap_q_mode _AP_Q2 = (ap_q_mode)5; ap_o_mode _AP_O2 = (ap_o_mode)3; int _AP_N2 = 0; int _AP_W = 16; int _AP_I = 2; bool _AP_S = true; ap_q_mode _AP_Q = (ap_q_mode)5; ap_o_mode _AP_O = (ap_o_mode)3; int _AP_N = 0]'​0​-
1,50662,293,org.eclipse.cdt.ui.INFO_PARTITION_TYPE,/GCRU/Release​2218​-1​-1​required from 'bool operator>(const ap_fixed_base<_AP_W, _AP_I, _AP_S, _AP_Q, _AP_O, _AP_N>&, int) [with int _AP_W = 16; int _AP_I = 2; bool _AP_S = true; ap_q_mode _AP_Q = (ap_q_mode)5; ap_o_mode _AP_O = (ap_o_mode)3; int _AP_N = 0]'​0​-
1,50955,37,org.eclipse.cdt.ui.INFO_PARTITION_TYPE,/GCRU/src/hw8.cpp​248​-1​-1​required from here​0​-
1,50992,124,org.eclipse.cdt.ui.WARNING_PARTITION_TYPE,/GCRU/Release​2140​-1​-1​enum constant in boolean context [-Wint-in-bool-context]​1​-
1,51116,169,org.eclipse.cdt.ui.CONSOLE_PARTITION_TYPE,-
1,51285,262,org.eclipse.cdt.ui.INFO_PARTITION_TYPE,/GCRU/Release​1658​-1​-1​required from 'ap_private<_AP_W, _AP_S, true>::ap_private(const ap_private<_AP_W1, _AP_S1, _AP_OPT>&) [with int _AP_W1 = 16; bool _AP_S1 = true; bool _AP_OPT = true; int _AP_W = 47; bool _AP_S = true]'​0​-
1,51547,242,org.eclipse.cdt.ui.INFO_PARTITION_TYPE,/GCRU/Release​2613​-1​-1​required from 'bool ap_private<_AP_W, _AP_S, true>::operator>(const ap_private<_AP_W1, _AP_S1>&) const [with int _AP_W2 = 46; bool _AP_S2 = true; int _AP_W = 16; bool _AP_S = true]'​0​-
1,51789,493,org.eclipse.cdt.ui.INFO_PARTITION_TYPE,/GCRU/Release​1493​-1​-1​required from 'bool ap_fixed_base<_AP_W, _AP_I, _AP_S, _AP_Q, _AP_O, _AP_N>::operator>(const ap_fixed_base<_AP_W2, _AP_I2, _AP_S2, _AP_Q2, _AP_O2, _AP_N2>&) const [with int _AP_W2 = 32; int _AP_I2 = 32; bool _AP_S2 = true; ap_q_mode _AP_Q2 = (ap_q_mode)5; ap_o_mode _AP_O2 = (ap_o_mode)3; int _AP_N2 = 0; int _AP_W = 16; int _AP_I = 2; bool _AP_S = true; ap_q_mode _AP_Q = (ap_q_mode)5; ap_o_mode _AP_O = (ap_o_mode)3; int _AP_N = 0]'​0​-
1,52282,293,org.eclipse.cdt.ui.INFO_PARTITION_TYPE,/GCRU/Release​2218​-1​-1​required from 'bool operator>(const ap_fixed_base<_AP_W, _AP_I, _AP_S, _AP_Q, _AP_O, _AP_N>&, int) [with int _AP_W = 16; int _AP_I = 2; bool _AP_S = true; ap_q_mode _AP_Q = (ap_q_mode)5; ap_o_mode _AP_O = (ap_o_mode)3; int _AP_N = 0]'​0​-
1,52575,37,org.eclipse.cdt.ui.INFO_PARTITION_TYPE,/GCRU/src/hw8.cpp​248​-1​-1​required from here​0​-
1,52612,124,org.eclipse.cdt.ui.WARNING_PARTITION_TYPE,/GCRU/Release​2140​-1​-1​enum constant in boolean context [-Wint-in-bool-context]​1​-
1,52736,170,org.eclipse.cdt.ui.CONSOLE_PARTITION_TYPE,-
1,52906,196,org.eclipse.cdt.ui.INFO_PARTITION_TYPE,/GCRU/Release​1481​-1​-1​required from 'ap_private<_AP_W, _AP_S, true>& ap_private<_AP_W, _AP_S, true>::operator=(int) [with int _AP_W = 32; bool _AP_S = false]'​0​-
1,53102,157,org.eclipse.cdt.ui.INFO_PARTITION_TYPE,/GCRU/Release​245​-1​-1​required from 'ap_int_base<_AP_W, _AP_S>::ap_int_base(int) [with int _AP_W = 32; bool _AP_S = false]'​0​-
1,53259,539,org.eclipse.cdt.ui.INFO_PARTITION_TYPE,/GCRU/Release​753​-1​-1​required from 'ap_fixed_base<_AP_W, _AP_I, _AP_S, _AP_Q, _AP_O, _AP_N>& ap_fixed_base<_AP_W, _AP_I, _AP_S, _AP_Q, _AP_O, _AP_N>::operator=(const ap_fixed_base<_AP_W2, _AP_I2, _AP_S2, _AP_Q2, _AP_O2, _AP_N2>&) [with int _AP_W2 = 32; int _AP_I2 = 32; bool _AP_S2 = true; ap_q_mode _AP_Q2 = (ap_q_mode)5; ap_o_mode _AP_O2 = (ap_o_mode)3; int _AP_N2 = 0; int _AP_W = 16; int _AP_I = 2; bool _AP_S = true; ap_q_mode _AP_Q = (ap_q_mode)5; ap_o_mode _AP_O = (ap_o_mode)3; int _AP_N = 0]'​0​-
1,53798,284,org.eclipse.cdt.ui.INFO_PARTITION_TYPE,/GCRU/Release​540​-1​-1​required from 'ap_fixed_base<_AP_W, _AP_I, _AP_S, _AP_Q, _AP_O, _AP_N>::ap_fixed_base(int) [with int _AP_W = 16; int _AP_I = 2; bool _AP_S = true; ap_q_mode _AP_Q = (ap_q_mode)5; ap_o_mode _AP_O = (ap_o_mode)3; int _AP_N = 0]'​0​-
1,54082,243,org.eclipse.cdt.ui.INFO_PARTITION_TYPE,/GCRU/Release​172​-1​-1​required from 'ap_fixed<_AP_W, _AP_I, _AP_Q, _AP_O, _AP_N>::ap_fixed(int) [with int _AP_W = 16; int _AP_I = 2; ap_q_mode _AP_Q = (ap_q_mode)5; ap_o_mode _AP_O = (ap_o_mode)3; int _AP_N = 0]'​0​-
1,54325,37,org.eclipse.cdt.ui.INFO_PARTITION_TYPE,/GCRU/src/hw8.cpp​161​-1​-1​required from here​0​-
1,54362,124,org.eclipse.cdt.ui.WARNING_PARTITION_TYPE,/GCRU/Release​2140​-1​-1​enum constant in boolean context [-Wint-in-bool-context]​1​-
1,54486,170,org.eclipse.cdt.ui.CONSOLE_PARTITION_TYPE,-
1,54656,196,org.eclipse.cdt.ui.INFO_PARTITION_TYPE,/GCRU/Release​1481​-1​-1​required from 'ap_private<_AP_W, _AP_S, true>& ap_private<_AP_W, _AP_S, true>::operator=(int) [with int _AP_W = 17; bool _AP_S = false]'​0​-
1,54852,311,org.eclipse.cdt.ui.INFO_PARTITION_TYPE,/GCRU/Release​349​-1​-1​required from 'void ap_fixed_base<_AP_W, _AP_I, _AP_S, _AP_Q, _AP_O, _AP_N>::overflow_adjust(bool, bool, bool, bool) [with int _AP_W = 17; int _AP_I = 3; bool _AP_S = true; ap_q_mode _AP_Q = (ap_q_mode)5; ap_o_mode _AP_O = (ap_o_mode)3; int _AP_N = 0]'​0​-
1,55163,538,org.eclipse.cdt.ui.INFO_PARTITION_TYPE,/GCRU/Release​792​-1​-1​required from 'ap_fixed_base<_AP_W, _AP_I, _AP_S, _AP_Q, _AP_O, _AP_N>& ap_fixed_base<_AP_W, _AP_I, _AP_S, _AP_Q, _AP_O, _AP_N>::operator=(const ap_fixed_base<_AP_W2, _AP_I2, _AP_S2, _AP_Q2, _AP_O2, _AP_N2>&) [with int _AP_W2 = 16; int _AP_I2 = 2; bool _AP_S2 = true; ap_q_mode _AP_Q2 = (ap_q_mode)5; ap_o_mode _AP_O2 = (ap_o_mode)3; int _AP_N2 = 0; int _AP_W = 17; int _AP_I = 3; bool _AP_S = true; ap_q_mode _AP_Q = (ap_q_mode)5; ap_o_mode _AP_O = (ap_o_mode)3; int _AP_N = 0]'​0​-
1,55701,485,org.eclipse.cdt.ui.INFO_PARTITION_TYPE,/GCRU/Release​430​-1​-1​required from 'ap_fixed_base<_AP_W, _AP_I, _AP_S, _AP_Q, _AP_O, _AP_N>::ap_fixed_base(const ap_fixed_base<_AP_W2, _AP_I2, _AP_S2, _AP_Q2, _AP_O2, _AP_N2>&) [with int _AP_W2 = 16; int _AP_I2 = 2; bool _AP_S2 = true; ap_q_mode _AP_Q2 = (ap_q_mode)5; ap_o_mode _AP_O2 = (ap_o_mode)3; int _AP_N2 = 0; int _AP_W = 17; int _AP_I = 3; bool _AP_S = true; ap_q_mode _AP_Q = (ap_q_mode)5; ap_o_mode _AP_O = (ap_o_mode)3; int _AP_N = 0]'​0​-
1,56186,741,org.eclipse.cdt.ui.INFO_PARTITION_TYPE,/GCRU/Release​1191​-1​-1​required from 'typename ap_fixed_base<_AP_W, _AP_I, _AP_S, _AP_Q, _AP_O, _AP_N>::RType<_AP_W2, _AP_I2, _AP_S2>::plus ap_fixed_base<_AP_W, _AP_I, _AP_S, _AP_Q, _AP_O, _AP_N>::operator+(const ap_fixed_base<_AP_W2, _AP_I2, _AP_S2, _AP_Q2, _AP_O2, _AP_N2>&) const [with int _AP_W2 = 16; int _AP_I2 = 2; bool _AP_S2 = true; ap_q_mode _AP_Q2 = (ap_q_mode)5; ap_o_mode _AP_O2 = (ap_o_mode)3; int _AP_N2 = 0; int _AP_W = 16; int _AP_I = 2; bool _AP_S = true; ap_q_mode _AP_Q = (ap_q_mode)5; ap_o_mode _AP_O = (ap_o_mode)3; int _AP_N = 0; typename ap_fixed_base<_AP_W, _AP_I, _AP_S, _AP_Q, _AP_O, _AP_N>::RType<_AP_W2, _AP_I2, _AP_S2>::plus = ap_fixed<17, 3, (ap_q_mode)5, (ap_o_mode)3, 0>]'​0​-
1,56927,37,org.eclipse.cdt.ui.INFO_PARTITION_TYPE,/GCRU/src/hw8.cpp​173​-1​-1​required from here​0​-
1,56964,124,org.eclipse.cdt.ui.WARNING_PARTITION_TYPE,/GCRU/Release​2140​-1​-1​enum constant in boolean context [-Wint-in-bool-context]​1​-
1,57088,169,org.eclipse.cdt.ui.CONSOLE_PARTITION_TYPE,-
1,57257,165,org.eclipse.cdt.ui.INFO_PARTITION_TYPE,/GCRU/Release​1637​-1​-1​required from 'ap_private<_AP_W, _AP_S, true>::ap_private(bool) [with int _AP_W = 1; bool _AP_S = false]'​0​-
1,57422,186,org.eclipse.cdt.ui.INFO_PARTITION_TYPE,/GCRU/Release​6903​-1​-1​required from 'ap_private<_AP_W, _AP_S>& operator+=(ap_private<_AP_W, _AP_S>&, bool) [with int _AP_W = 16; bool _AP_S = true]'​0​-
1,57608,309,org.eclipse.cdt.ui.INFO_PARTITION_TYPE,/GCRU/Release​414​-1​-1​required from 'bool ap_fixed_base<_AP_W, _AP_I, _AP_S, _AP_Q, _AP_O, _AP_N>::quantization_adjust(bool, bool, bool) [with int _AP_W = 16; int _AP_I = 2; bool _AP_S = true; ap_q_mode _AP_Q = (ap_q_mode)5; ap_o_mode _AP_O = (ap_o_mode)3; int _AP_N = 0]'​0​-
1,57917,538,org.eclipse.cdt.ui.INFO_PARTITION_TYPE,/GCRU/Release​718​-1​-1​required from 'ap_fixed_base<_AP_W, _AP_I, _AP_S, _AP_Q, _AP_O, _AP_N>& ap_fixed_base<_AP_W, _AP_I, _AP_S, _AP_Q, _AP_O, _AP_N>::operator=(const ap_fixed_base<_AP_W2, _AP_I2, _AP_S2, _AP_Q2, _AP_O2, _AP_N2>&) [with int _AP_W2 = 18; int _AP_I2 = 4; bool _AP_S2 = true; ap_q_mode _AP_Q2 = (ap_q_mode)5; ap_o_mode _AP_O2 = (ap_o_mode)3; int _AP_N2 = 0; int _AP_W = 16; int _AP_I = 2; bool _AP_S = true; ap_q_mode _AP_Q = (ap_q_mode)5; ap_o_mode _AP_O = (ap_o_mode)3; int _AP_N = 0]'​0​-
1,58455,539,org.eclipse.cdt.ui.INFO_PARTITION_TYPE,/GCRU/Release​1211​-1​-1​required from 'ap_fixed_base<_AP_W, _AP_I, _AP_S, _AP_Q, _AP_O, _AP_N>& ap_fixed_base<_AP_W, _AP_I, _AP_S, _AP_Q, _AP_O, _AP_N>::operator+=(const ap_fixed_base<_AP_W2, _AP_I2, _AP_S2, _AP_Q2, _AP_O2, _AP_N2>&) [with int _AP_W2 = 17; int _AP_I2 = 3; bool _AP_S2 = true; ap_q_mode _AP_Q2 = (ap_q_mode)5; ap_o_mode _AP_O2 = (ap_o_mode)3; int _AP_N2 = 0; int _AP_W = 16; int _AP_I = 2; bool _AP_S = true; ap_q_mode _AP_Q = (ap_q_mode)5; ap_o_mode _AP_O = (ap_o_mode)3; int _AP_N = 0]'​0​-
1,58994,37,org.eclipse.cdt.ui.INFO_PARTITION_TYPE,/GCRU/src/hw8.cpp​187​-1​-1​required from here​0​-
1,59031,124,org.eclipse.cdt.ui.WARNING_PARTITION_TYPE,/GCRU/Release​2140​-1​-1​enum constant in boolean context [-Wint-in-bool-context]​1​-
1,59155,169,org.eclipse.cdt.ui.CONSOLE_PARTITION_TYPE,-
1,59324,162,org.eclipse.cdt.ui.INFO_PARTITION_TYPE,/GCRU/Release​1627​-1​-1​required from 'ap_private<_AP_W, _AP_S, true>::ap_private() [with int _AP_W = 46; bool _AP_S = true]'​0​-
1,59486,154,org.eclipse.cdt.ui.INFO_PARTITION_TYPE,/GCRU/Release​637​-1​-1​required from 'ssdm_int_sim<_AP_W, _AP_S>::ssdm_int_sim() [with int _AP_W = 46; bool _AP_S = true]'​0​-
1,59640,487,org.eclipse.cdt.ui.INFO_PARTITION_TYPE,/GCRU/Release​429​-1​-1​required from 'ap_fixed_base<_AP_W, _AP_I, _AP_S, _AP_Q, _AP_O, _AP_N>::ap_fixed_base(const ap_fixed_base<_AP_W2, _AP_I2, _AP_S2, _AP_Q2, _AP_O2, _AP_N2>&) [with int _AP_W2 = 32; int _AP_I2 = 32; bool _AP_S2 = true; ap_q_mode _AP_Q2 = (ap_q_mode)5; ap_o_mode _AP_O2 = (ap_o_mode)3; int _AP_N2 = 0; int _AP_W = 46; int _AP_I = 32; bool _AP_S = true; ap_q_mode _AP_Q = (ap_q_mode)5; ap_o_mode _AP_O = (ap_o_mode)3; int _AP_N = 0]'​0​-
1,60127,493,org.eclipse.cdt.ui.INFO_PARTITION_TYPE,/GCRU/Release​1493​-1​-1​required from 'bool ap_fixed_base<_AP_W, _AP_I, _AP_S, _AP_Q, _AP_O, _AP_N>::operator>(const ap_fixed_base<_AP_W2, _AP_I2, _AP_S2, _AP_Q2, _AP_O2, _AP_N2>&) const [with int _AP_W2 = 32; int _AP_I2 = 32; bool _AP_S2 = true; ap_q_mode _AP_Q2 = (ap_q_mode)5; ap_o_mode _AP_O2 = (ap_o_mode)3; int _AP_N2 = 0; int _AP_W = 16; int _AP_I = 2; bool _AP_S = true; ap_q_mode _AP_Q = (ap_q_mode)5; ap_o_mode _AP_O = (ap_o_mode)3; int _AP_N = 0]'​0​-
1,60620,293,org.eclipse.cdt.ui.INFO_PARTITION_TYPE,/GCRU/Release​2218​-1​-1​required from 'bool operator>(const ap_fixed_base<_AP_W, _AP_I, _AP_S, _AP_Q, _AP_O, _AP_N>&, int) [with int _AP_W = 16; int _AP_I = 2; bool _AP_S = true; ap_q_mode _AP_Q = (ap_q_mode)5; ap_o_mode _AP_O = (ap_o_mode)3; int _AP_N = 0]'​0​-
1,60913,37,org.eclipse.cdt.ui.INFO_PARTITION_TYPE,/GCRU/src/hw8.cpp​248​-1​-1​required from here​0​-
1,60950,124,org.eclipse.cdt.ui.WARNING_PARTITION_TYPE,/GCRU/Release​2140​-1​-1​enum constant in boolean context [-Wint-in-bool-context]​1​-
1,61074,168,org.eclipse.cdt.ui.CONSOLE_PARTITION_TYPE,-
1,61242,161,org.eclipse.cdt.ui.INFO_PARTITION_TYPE,/GCRU/Release​1627​-1​-1​required from 'ap_private<_AP_W, _AP_S, true>::ap_private() [with int _AP_W = 3; bool _AP_S = true]'​0​-
1,61403,153,org.eclipse.cdt.ui.INFO_PARTITION_TYPE,/GCRU/Release​637​-1​-1​required from 'ssdm_int_sim<_AP_W, _AP_S>::ssdm_int_sim() [with int _AP_W = 3; bool _AP_S = true]'​0​-
1,61556,484,org.eclipse.cdt.ui.INFO_PARTITION_TYPE,/GCRU/Release​429​-1​-1​required from 'ap_fixed_base<_AP_W, _AP_I, _AP_S, _AP_Q, _AP_O, _AP_N>::ap_fixed_base(const ap_fixed_base<_AP_W2, _AP_I2, _AP_S2, _AP_Q2, _AP_O2, _AP_N2>&) [with int _AP_W2 = 16; int _AP_I2 = 2; bool _AP_S2 = true; ap_q_mode _AP_Q2 = (ap_q_mode)5; ap_o_mode _AP_O2 = (ap_o_mode)3; int _AP_N2 = 0; int _AP_W = 3; int _AP_I = 3; bool _AP_S = true; ap_q_mode _AP_Q = (ap_q_mode)5; ap_o_mode _AP_O = (ap_o_mode)3; int _AP_N = 0]'​0​-
1,62040,493,org.eclipse.cdt.ui.INFO_PARTITION_TYPE,/GCRU/Release​1493​-1​-1​required from 'bool ap_fixed_base<_AP_W, _AP_I, _AP_S, _AP_Q, _AP_O, _AP_N>::operator>(const ap_fixed_base<_AP_W2, _AP_I2, _AP_S2, _AP_Q2, _AP_O2, _AP_N2>&) const [with int _AP_W2 = 32; int _AP_I2 = 32; bool _AP_S2 = true; ap_q_mode _AP_Q2 = (ap_q_mode)5; ap_o_mode _AP_O2 = (ap_o_mode)3; int _AP_N2 = 0; int _AP_W = 16; int _AP_I = 2; bool _AP_S = true; ap_q_mode _AP_Q = (ap_q_mode)5; ap_o_mode _AP_O = (ap_o_mode)3; int _AP_N = 0]'​0​-
1,62533,293,org.eclipse.cdt.ui.INFO_PARTITION_TYPE,/GCRU/Release​2218​-1​-1​required from 'bool operator>(const ap_fixed_base<_AP_W, _AP_I, _AP_S, _AP_Q, _AP_O, _AP_N>&, int) [with int _AP_W = 16; int _AP_I = 2; bool _AP_S = true; ap_q_mode _AP_Q = (ap_q_mode)5; ap_o_mode _AP_O = (ap_o_mode)3; int _AP_N = 0]'​0​-
1,62826,37,org.eclipse.cdt.ui.INFO_PARTITION_TYPE,/GCRU/src/hw8.cpp​248​-1​-1​required from here​0​-
1,62863,124,org.eclipse.cdt.ui.WARNING_PARTITION_TYPE,/GCRU/Release​2140​-1​-1​enum constant in boolean context [-Wint-in-bool-context]​1​-
1,62987,170,org.eclipse.cdt.ui.CONSOLE_PARTITION_TYPE,-
1,63157,196,org.eclipse.cdt.ui.INFO_PARTITION_TYPE,/GCRU/Release​1481​-1​-1​required from 'ap_private<_AP_W, _AP_S, true>& ap_private<_AP_W, _AP_S, true>::operator=(int) [with int _AP_W = 46; bool _AP_S = false]'​0​-
1,63353,312,org.eclipse.cdt.ui.INFO_PARTITION_TYPE,/GCRU/Release​349​-1​-1​required from 'void ap_fixed_base<_AP_W, _AP_I, _AP_S, _AP_Q, _AP_O, _AP_N>::overflow_adjust(bool, bool, bool, bool) [with int _AP_W = 46; int _AP_I = 32; bool _AP_S = true; ap_q_mode _AP_Q = (ap_q_mode)5; ap_o_mode _AP_O = (ap_o_mode)3; int _AP_N = 0]'​0​-
1,63665,540,org.eclipse.cdt.ui.INFO_PARTITION_TYPE,/GCRU/Release​792​-1​-1​required from 'ap_fixed_base<_AP_W, _AP_I, _AP_S, _AP_Q, _AP_O, _AP_N>& ap_fixed_base<_AP_W, _AP_I, _AP_S, _AP_Q, _AP_O, _AP_N>::operator=(const ap_fixed_base<_AP_W2, _AP_I2, _AP_S2, _AP_Q2, _AP_O2, _AP_N2>&) [with int _AP_W2 = 32; int _AP_I2 = 32; bool _AP_S2 = true; ap_q_mode _AP_Q2 = (ap_q_mode)5; ap_o_mode _AP_O2 = (ap_o_mode)3; int _AP_N2 = 0; int _AP_W = 46; int _AP_I = 32; bool _AP_S = true; ap_q_mode _AP_Q = (ap_q_mode)5; ap_o_mode _AP_O = (ap_o_mode)3; int _AP_N = 0]'​0​-
1,64205,487,org.eclipse.cdt.ui.INFO_PARTITION_TYPE,/GCRU/Release​430​-1​-1​required from 'ap_fixed_base<_AP_W, _AP_I, _AP_S, _AP_Q, _AP_O, _AP_N>::ap_fixed_base(const ap_fixed_base<_AP_W2, _AP_I2, _AP_S2, _AP_Q2, _AP_O2, _AP_N2>&) [with int _AP_W2 = 32; int _AP_I2 = 32; bool _AP_S2 = true; ap_q_mode _AP_Q2 = (ap_q_mode)5; ap_o_mode _AP_O2 = (ap_o_mode)3; int _AP_N2 = 0; int _AP_W = 46; int _AP_I = 32; bool _AP_S = true; ap_q_mode _AP_Q = (ap_q_mode)5; ap_o_mode _AP_O = (ap_o_mode)3; int _AP_N = 0]'​0​-
1,64692,493,org.eclipse.cdt.ui.INFO_PARTITION_TYPE,/GCRU/Release​1493​-1​-1​required from 'bool ap_fixed_base<_AP_W, _AP_I, _AP_S, _AP_Q, _AP_O, _AP_N>::operator>(const ap_fixed_base<_AP_W2, _AP_I2, _AP_S2, _AP_Q2, _AP_O2, _AP_N2>&) const [with int _AP_W2 = 32; int _AP_I2 = 32; bool _AP_S2 = true; ap_q_mode _AP_Q2 = (ap_q_mode)5; ap_o_mode _AP_O2 = (ap_o_mode)3; int _AP_N2 = 0; int _AP_W = 16; int _AP_I = 2; bool _AP_S = true; ap_q_mode _AP_Q = (ap_q_mode)5; ap_o_mode _AP_O = (ap_o_mode)3; int _AP_N = 0]'​0​-
1,65185,293,org.eclipse.cdt.ui.INFO_PARTITION_TYPE,/GCRU/Release​2218​-1​-1​required from 'bool operator>(const ap_fixed_base<_AP_W, _AP_I, _AP_S, _AP_Q, _AP_O, _AP_N>&, int) [with int _AP_W = 16; int _AP_I = 2; bool _AP_S = true; ap_q_mode _AP_Q = (ap_q_mode)5; ap_o_mode _AP_O = (ap_o_mode)3; int _AP_N = 0]'​0​-
1,65478,37,org.eclipse.cdt.ui.INFO_PARTITION_TYPE,/GCRU/src/hw8.cpp​248​-1​-1​required from here​0​-
1,65515,124,org.eclipse.cdt.ui.WARNING_PARTITION_TYPE,/GCRU/Release​2140​-1​-1​enum constant in boolean context [-Wint-in-bool-context]​1​-
1,65639,169,org.eclipse.cdt.ui.CONSOLE_PARTITION_TYPE,-
1,65808,195,org.eclipse.cdt.ui.INFO_PARTITION_TYPE,/GCRU/Release​1481​-1​-1​required from 'ap_private<_AP_W, _AP_S, true>& ap_private<_AP_W, _AP_S, true>::operator=(int) [with int _AP_W = 3; bool _AP_S = false]'​0​-
1,66003,310,org.eclipse.cdt.ui.INFO_PARTITION_TYPE,/GCRU/Release​349​-1​-1​required from 'void ap_fixed_base<_AP_W, _AP_I, _AP_S, _AP_Q, _AP_O, _AP_N>::overflow_adjust(bool, bool, bool, bool) [with int _AP_W = 3; int _AP_I = 3; bool _AP_S = true; ap_q_mode _AP_Q = (ap_q_mode)5; ap_o_mode _AP_O = (ap_o_mode)3; int _AP_N = 0]'​0​-
1,66313,537,org.eclipse.cdt.ui.INFO_PARTITION_TYPE,/GCRU/Release​792​-1​-1​required from 'ap_fixed_base<_AP_W, _AP_I, _AP_S, _AP_Q, _AP_O, _AP_N>& ap_fixed_base<_AP_W, _AP_I, _AP_S, _AP_Q, _AP_O, _AP_N>::operator=(const ap_fixed_base<_AP_W2, _AP_I2, _AP_S2, _AP_Q2, _AP_O2, _AP_N2>&) [with int _AP_W2 = 16; int _AP_I2 = 2; bool _AP_S2 = true; ap_q_mode _AP_Q2 = (ap_q_mode)5; ap_o_mode _AP_O2 = (ap_o_mode)3; int _AP_N2 = 0; int _AP_W = 3; int _AP_I = 3; bool _AP_S = true; ap_q_mode _AP_Q = (ap_q_mode)5; ap_o_mode _AP_O = (ap_o_mode)3; int _AP_N = 0]'​0​-
1,66850,484,org.eclipse.cdt.ui.INFO_PARTITION_TYPE,/GCRU/Release​430​-1​-1​required from 'ap_fixed_base<_AP_W, _AP_I, _AP_S, _AP_Q, _AP_O, _AP_N>::ap_fixed_base(const ap_fixed_base<_AP_W2, _AP_I2, _AP_S2, _AP_Q2, _AP_O2, _AP_N2>&) [with int _AP_W2 = 16; int _AP_I2 = 2; bool _AP_S2 = true; ap_q_mode _AP_Q2 = (ap_q_mode)5; ap_o_mode _AP_O2 = (ap_o_mode)3; int _AP_N2 = 0; int _AP_W = 3; int _AP_I = 3; bool _AP_S = true; ap_q_mode _AP_Q = (ap_q_mode)5; ap_o_mode _AP_O = (ap_o_mode)3; int _AP_N = 0]'​0​-
1,67334,493,org.eclipse.cdt.ui.INFO_PARTITION_TYPE,/GCRU/Release​1493​-1​-1​required from 'bool ap_fixed_base<_AP_W, _AP_I, _AP_S, _AP_Q, _AP_O, _AP_N>::operator>(const ap_fixed_base<_AP_W2, _AP_I2, _AP_S2, _AP_Q2, _AP_O2, _AP_N2>&) const [with int _AP_W2 = 32; int _AP_I2 = 32; bool _AP_S2 = true; ap_q_mode _AP_Q2 = (ap_q_mode)5; ap_o_mode _AP_O2 = (ap_o_mode)3; int _AP_N2 = 0; int _AP_W = 16; int _AP_I = 2; bool _AP_S = true; ap_q_mode _AP_Q = (ap_q_mode)5; ap_o_mode _AP_O = (ap_o_mode)3; int _AP_N = 0]'​0​-
1,67827,293,org.eclipse.cdt.ui.INFO_PARTITION_TYPE,/GCRU/Release​2218​-1​-1​required from 'bool operator>(const ap_fixed_base<_AP_W, _AP_I, _AP_S, _AP_Q, _AP_O, _AP_N>&, int) [with int _AP_W = 16; int _AP_I = 2; bool _AP_S = true; ap_q_mode _AP_Q = (ap_q_mode)5; ap_o_mode _AP_O = (ap_o_mode)3; int _AP_N = 0]'​0​-
1,68120,37,org.eclipse.cdt.ui.INFO_PARTITION_TYPE,/GCRU/src/hw8.cpp​248​-1​-1​required from here​0​-
1,68157,124,org.eclipse.cdt.ui.WARNING_PARTITION_TYPE,/GCRU/Release​2140​-1​-1​enum constant in boolean context [-Wint-in-bool-context]​1​-
1,68281,168,org.eclipse.cdt.ui.CONSOLE_PARTITION_TYPE,-
1,68449,261,org.eclipse.cdt.ui.INFO_PARTITION_TYPE,/GCRU/Release​1658​-1​-1​required from 'ap_private<_AP_W, _AP_S, true>::ap_private(const ap_private<_AP_W1, _AP_S1, _AP_OPT>&) [with int _AP_W1 = 3; bool _AP_S1 = false; bool _AP_OPT = true; int _AP_W = 4; bool _AP_S = true]'​0​-
1,68710,205,org.eclipse.cdt.ui.INFO_PARTITION_TYPE,/GCRU/Release​1757​-1​-1​required from 'ap_private<(_AP_W + (! _AP_S)), true> ap_private<_AP_W, _AP_S, true>::operator~() const [with int _AP_W = 3; bool _AP_S = false]'​0​-
1,68915,310,org.eclipse.cdt.ui.INFO_PARTITION_TYPE,/GCRU/Release​394​-1​-1​required from 'void ap_fixed_base<_AP_W, _AP_I, _AP_S, _AP_Q, _AP_O, _AP_N>::overflow_adjust(bool, bool, bool, bool) [with int _AP_W = 3; int _AP_I = 3; bool _AP_S = true; ap_q_mode _AP_Q = (ap_q_mode)5; ap_o_mode _AP_O = (ap_o_mode)3; int _AP_N = 0]'​0​-
1,69225,537,org.eclipse.cdt.ui.INFO_PARTITION_TYPE,/GCRU/Release​792​-1​-1​required from 'ap_fixed_base<_AP_W, _AP_I, _AP_S, _AP_Q, _AP_O, _AP_N>& ap_fixed_base<_AP_W, _AP_I, _AP_S, _AP_Q, _AP_O, _AP_N>::operator=(const ap_fixed_base<_AP_W2, _AP_I2, _AP_S2, _AP_Q2, _AP_O2, _AP_N2>&) [with int _AP_W2 = 16; int _AP_I2 = 2; bool _AP_S2 = true; ap_q_mode _AP_Q2 = (ap_q_mode)5; ap_o_mode _AP_O2 = (ap_o_mode)3; int _AP_N2 = 0; int _AP_W = 3; int _AP_I = 3; bool _AP_S = true; ap_q_mode _AP_Q = (ap_q_mode)5; ap_o_mode _AP_O = (ap_o_mode)3; int _AP_N = 0]'​0​-
1,69762,484,org.eclipse.cdt.ui.INFO_PARTITION_TYPE,/GCRU/Release​430​-1​-1​required from 'ap_fixed_base<_AP_W, _AP_I, _AP_S, _AP_Q, _AP_O, _AP_N>::ap_fixed_base(const ap_fixed_base<_AP_W2, _AP_I2, _AP_S2, _AP_Q2, _AP_O2, _AP_N2>&) [with int _AP_W2 = 16; int _AP_I2 = 2; bool _AP_S2 = true; ap_q_mode _AP_Q2 = (ap_q_mode)5; ap_o_mode _AP_O2 = (ap_o_mode)3; int _AP_N2 = 0; int _AP_W = 3; int _AP_I = 3; bool _AP_S = true; ap_q_mode _AP_Q = (ap_q_mode)5; ap_o_mode _AP_O = (ap_o_mode)3; int _AP_N = 0]'​0​-
1,70246,493,org.eclipse.cdt.ui.INFO_PARTITION_TYPE,/GCRU/Release​1493​-1​-1​required from 'bool ap_fixed_base<_AP_W, _AP_I, _AP_S, _AP_Q, _AP_O, _AP_N>::operator>(const ap_fixed_base<_AP_W2, _AP_I2, _AP_S2, _AP_Q2, _AP_O2, _AP_N2>&) const [with int _AP_W2 = 32; int _AP_I2 = 32; bool _AP_S2 = true; ap_q_mode _AP_Q2 = (ap_q_mode)5; ap_o_mode _AP_O2 = (ap_o_mode)3; int _AP_N2 = 0; int _AP_W = 16; int _AP_I = 2; bool _AP_S = true; ap_q_mode _AP_Q = (ap_q_mode)5; ap_o_mode _AP_O = (ap_o_mode)3; int _AP_N = 0]'​0​-
1,70739,293,org.eclipse.cdt.ui.INFO_PARTITION_TYPE,/GCRU/Release​2218​-1​-1​required from 'bool operator>(const ap_fixed_base<_AP_W, _AP_I, _AP_S, _AP_Q, _AP_O, _AP_N>&, int) [with int _AP_W = 16; int _AP_I = 2; bool _AP_S = true; ap_q_mode _AP_Q = (ap_q_mode)5; ap_o_mode _AP_O = (ap_o_mode)3; int _AP_N = 0]'​0​-
1,71032,37,org.eclipse.cdt.ui.INFO_PARTITION_TYPE,/GCRU/src/hw8.cpp​248​-1​-1​required from here​0​-
1,71069,124,org.eclipse.cdt.ui.WARNING_PARTITION_TYPE,/GCRU/Release​2140​-1​-1​enum constant in boolean context [-Wint-in-bool-context]​1​-
1,71193,372,org.eclipse.cdt.ui.CONSOLE_PARTITION_TYPE,-
1,71565,131,org.eclipse.cdt.ui.WARNING_PARTITION_TYPE,/GCRU/Release​2139​-1​-1​'bias' is used uninitialized in this function [-Wuninitialized]​1​-
1,71696,99,org.eclipse.cdt.ui.CONSOLE_PARTITION_TYPE,-
1,71795,147,org.eclipse.cdt.ui.WARNING_PARTITION_TYPE,/GCRU/Release​2139​-1​-1​'*((void*)& bias +16)' is used uninitialized in this function [-Wuninitialized]​1​-
1,71942,147,org.eclipse.cdt.ui.WARNING_PARTITION_TYPE,/GCRU/Release​2139​-1​-1​'*((void*)& bias +32)' is used uninitialized in this function [-Wuninitialized]​1​-
1,72089,147,org.eclipse.cdt.ui.WARNING_PARTITION_TYPE,/GCRU/Release​2139​-1​-1​'*((void*)& bias +48)' is used uninitialized in this function [-Wuninitialized]​1​-
1,72236,147,org.eclipse.cdt.ui.WARNING_PARTITION_TYPE,/GCRU/Release​2139​-1​-1​'*((void*)& bias +64)' is used uninitialized in this function [-Wuninitialized]​1​-
1,72383,147,org.eclipse.cdt.ui.WARNING_PARTITION_TYPE,/GCRU/Release​2139​-1​-1​'*((void*)& bias +80)' is used uninitialized in this function [-Wuninitialized]​1​-
1,72530,147,org.eclipse.cdt.ui.WARNING_PARTITION_TYPE,/GCRU/Release​2139​-1​-1​'*((void*)& bias +96)' is used uninitialized in this function [-Wuninitialized]​1​-
1,72677,148,org.eclipse.cdt.ui.WARNING_PARTITION_TYPE,/GCRU/Release​2139​-1​-1​'*((void*)& bias +112)' is used uninitialized in this function [-Wuninitialized]​1​-
1,72825,132,org.eclipse.cdt.ui.WARNING_PARTITION_TYPE,/GCRU/Release​2139​-1​-1​'bias2' is used uninitialized in this function [-Wuninitialized]​1​-
1,72957,99,org.eclipse.cdt.ui.CONSOLE_PARTITION_TYPE,-
1,73056,148,org.eclipse.cdt.ui.WARNING_PARTITION_TYPE,/GCRU/Release​2139​-1​-1​'*((void*)& bias2 +16)' is used uninitialized in this function [-Wuninitialized]​1​-
1,73204,148,org.eclipse.cdt.ui.WARNING_PARTITION_TYPE,/GCRU/Release​2139​-1​-1​'*((void*)& bias2 +32)' is used uninitialized in this function [-Wuninitialized]​1​-
1,73352,148,org.eclipse.cdt.ui.WARNING_PARTITION_TYPE,/GCRU/Release​2139​-1​-1​'*((void*)& bias2 +48)' is used uninitialized in this function [-Wuninitialized]​1​-
1,73500,148,org.eclipse.cdt.ui.WARNING_PARTITION_TYPE,/GCRU/Release​2139​-1​-1​'*((void*)& bias2 +64)' is used uninitialized in this function [-Wuninitialized]​1​-
1,73648,148,org.eclipse.cdt.ui.WARNING_PARTITION_TYPE,/GCRU/Release​2139​-1​-1​'*((void*)& bias2 +80)' is used uninitialized in this function [-Wuninitialized]​1​-
1,73796,148,org.eclipse.cdt.ui.WARNING_PARTITION_TYPE,/GCRU/Release​2139​-1​-1​'*((void*)& bias2 +96)' is used uninitialized in this function [-Wuninitialized]​1​-
1,73944,149,org.eclipse.cdt.ui.WARNING_PARTITION_TYPE,/GCRU/Release​2139​-1​-1​'*((void*)& bias2 +112)' is used uninitialized in this function [-Wuninitialized]​1​-
1,74093,132,org.eclipse.cdt.ui.WARNING_PARTITION_TYPE,/GCRU/Release​2139​-1​-1​'bias3' is used uninitialized in this function [-Wuninitialized]​1​-
1,74225,99,org.eclipse.cdt.ui.CONSOLE_PARTITION_TYPE,-
1,74324,148,org.eclipse.cdt.ui.WARNING_PARTITION_TYPE,/GCRU/Release​2139​-1​-1​'*((void*)& bias3 +16)' is used uninitialized in this function [-Wuninitialized]​1​-
1,74472,148,org.eclipse.cdt.ui.WARNING_PARTITION_TYPE,/GCRU/Release​2139​-1​-1​'*((void*)& bias3 +32)' is used uninitialized in this function [-Wuninitialized]​1​-
1,74620,148,org.eclipse.cdt.ui.WARNING_PARTITION_TYPE,/GCRU/Release​2139​-1​-1​'*((void*)& bias3 +48)' is used uninitialized in this function [-Wuninitialized]​1​-
1,74768,148,org.eclipse.cdt.ui.WARNING_PARTITION_TYPE,/GCRU/Release​2139​-1​-1​'*((void*)& bias3 +64)' is used uninitialized in this function [-Wuninitialized]​1​-
1,74916,148,org.eclipse.cdt.ui.WARNING_PARTITION_TYPE,/GCRU/Release​2139​-1​-1​'*((void*)& bias3 +80)' is used uninitialized in this function [-Wuninitialized]​1​-
1,75064,148,org.eclipse.cdt.ui.WARNING_PARTITION_TYPE,/GCRU/Release​2139​-1​-1​'*((void*)& bias3 +96)' is used uninitialized in this function [-Wuninitialized]​1​-
1,75212,149,org.eclipse.cdt.ui.WARNING_PARTITION_TYPE,/GCRU/Release​2139​-1​-1​'*((void*)& bias3 +112)' is used uninitialized in this function [-Wuninitialized]​1​-
1,75361,311,org.eclipse.cdt.ui.CONSOLE_PARTITION_TYPE,-
1,75672,126,org.eclipse.cdt.ui.WARNING_PARTITION_TYPE,/GCRU/Release​0​-1​-1​VPL 17-301: Failed to get a license for 'ap_opencl'. Explanation: The license feature ap_opencl could not be found.​1​-
1,75798,7373,org.eclipse.cdt.ui.CONSOLE_PARTITION_TYPE,-
0,83171,49,org.eclipse.cdt.ui.CONSOLE_PARTITION_TYPE,-